{"/home/default/package/scripts/create-index.ts": {"path":"/home/default/package/scripts/create-index.ts","statementMap":{"0":{"start":{"line":13,"column":22},"end":{"line":13,"column":42}},"1":{"start":{"line":13,"column":22},"end":{"line":56,"column":40}},"2":{"start":{"line":56,"column":22},"end":{"line":56,"column":40}},"3":{"start":{"line":56,"column":22},"end":{"line":1,"column":null}},"4":{"start":{"line":1,"column":16},"end":{"line":3,"column":null}},"5":{"start":{"line":3,"column":19},"end":{"line":5,"column":null}},"6":{"start":{"line":5,"column":61},"end":{"line":7,"column":null}},"7":{"start":{"line":7,"column":44},"end":{"line":7,"column":null}},"8":{"start":{"line":2,"column":19},"end":{"line":2,"column":22}},"9":{"start":{"line":18,"column":20},"end":{"line":18,"column":49}},"10":{"start":{"line":21,"column":27},"end":{"line":21,"column":null}},"11":{"start":{"line":23,"column":17},"end":{"line":23,"column":null}},"12":{"start":{"line":24,"column":2},"end":{"line":24,"column":null}},"13":{"start":{"line":26,"column":22},"end":{"line":26,"column":null}},"14":{"start":{"line":28,"column":18},"end":{"line":30,"column":null}},"15":{"start":{"line":29,"column":16},"end":{"line":29,"column":null}},"16":{"start":{"line":32,"column":20},"end":{"line":37,"column":null}},"17":{"start":{"line":39,"column":2},"end":{"line":39,"column":null}},"18":{"start":{"line":41,"column":19},"end":{"line":45,"column":null}},"19":{"start":{"line":47,"column":2},"end":{"line":47,"column":null}},"20":{"start":{"line":49,"column":2},"end":{"line":49,"column":null}},"21":{"start":{"line":57,"column":20},"end":{"line":57,"column":49}},"22":{"start":{"line":59,"column":17},"end":{"line":59,"column":null}},"23":{"start":{"line":60,"column":2},"end":{"line":60,"column":null}},"24":{"start":{"line":62,"column":19},"end":{"line":62,"column":null}},"25":{"start":{"line":63,"column":2},"end":{"line":63,"column":null}},"26":{"start":{"line":65,"column":20},"end":{"line":68,"column":null}},"27":{"start":{"line":70,"column":2},"end":{"line":70,"column":null}},"28":{"start":{"line":72,"column":2},"end":{"line":72,"column":null}},"29":{"start":{"line":80,"column":20},"end":{"line":84,"column":1}},"30":{"start":{"line":86,"column":0},"end":{"line":96,"column":1}},"31":{"start":{"line":87,"column":20},"end":{"line":87,"column":48}},"32":{"start":{"line":88,"column":2},"end":{"line":88,"column":null}},"33":{"start":{"line":88,"column":26},"end":{"line":88,"column":null}},"34":{"start":{"line":89,"column":2},"end":{"line":95,"column":null}},"35":{"start":{"line":91,"column":4},"end":{"line":93,"column":10}},"36":{"start":{"line":93,"column":4},"end":{"line":93,"column":null}},"37":{"start":{"line":94,"column":4},"end":{"line":94,"column":null}},"38":{"start":{"line":96,"column":1},"end":{"line":108,"column":1}},"39":{"start":{"line":99,"column":20},"end":{"line":99,"column":48}},"40":{"start":{"line":100,"column":2},"end":{"line":100,"column":null}},"41":{"start":{"line":100,"column":26},"end":{"line":100,"column":null}},"42":{"start":{"line":101,"column":2},"end":{"line":107,"column":null}},"43":{"start":{"line":103,"column":4},"end":{"line":105,"column":10}},"44":{"start":{"line":105,"column":4},"end":{"line":105,"column":null}},"45":{"start":{"line":106,"column":4},"end":{"line":106,"column":null}}},"fnMap":{"0":{"name":"_export","decl":{"start":{"line":13,"column":22},"end":{"line":13,"column":42}},"loc":{"start":{"line":13,"column":22},"end":{"line":13,"column":42}}},"1":{"name":"(anonymous_1)","decl":{"start":{"line":13,"column":42},"end":{"line":13,"column":43}},"loc":{"start":{"line":13,"column":22},"end":{"line":13,"column":42}}},"2":{"name":"(anonymous_2)","decl":{"start":{"line":56,"column":40},"end":{"line":56,"column":41}},"loc":{"start":{"line":56,"column":22},"end":{"line":56,"column":40}}},"3":{"name":"_interop_require_default","decl":{"start":{"line":7,"column":44},"end":{"line":7,"column":null}},"loc":{"start":{"line":7,"column":44},"end":{"line":7,"column":null}}},"4":{"name":"(anonymous_5)","decl":{"start":{"line":29,"column":9},"end":{"line":29,"column":15}},"loc":{"start":{"line":29,"column":16},"end":{"line":29,"column":null}}},"5":{"name":"dropColumnAndIndex","decl":{"start":{"line":56,"column":22},"end":{"line":56,"column":40}},"loc":{"start":{"line":56,"column":79},"end":{"line":73,"column":null}}},"6":{"name":"(anonymous_7)","decl":{"start":{"line":89,"column":3},"end":{"line":89,"column":15}},"loc":{"start":{"line":89,"column":15},"end":{"line":95,"column":null}}},"7":{"name":"(anonymous_8)","decl":{"start":{"line":101,"column":3},"end":{"line":101,"column":15}},"loc":{"start":{"line":101,"column":15},"end":{"line":107,"column":null}}}},"branchMap":{"0":{"loc":{"start":{"line":7,"column":44},"end":{"line":7,"column":null}},"type":"cond-expr","locations":[{"start":{"line":7,"column":44},"end":{"line":7,"column":null}},{"start":{"line":7,"column":44},"end":{"line":7,"column":null}}]},"1":{"loc":{"start":{"line":86,"column":0},"end":{"line":96,"column":1}},"type":"if","locations":[{"start":{"line":86,"column":0},"end":{"line":96,"column":1}}]},"2":{"loc":{"start":{"line":88,"column":2},"end":{"line":88,"column":null}},"type":"if","locations":[{"start":{"line":88,"column":2},"end":{"line":88,"column":null}}]},"3":{"loc":{"start":{"line":96,"column":1},"end":{"line":108,"column":1}},"type":"if","locations":[{"start":{"line":96,"column":1},"end":{"line":108,"column":1}}]},"4":{"loc":{"start":{"line":100,"column":2},"end":{"line":100,"column":null}},"type":"if","locations":[{"start":{"line":100,"column":2},"end":{"line":100,"column":null}}]}},"s":{"0":25,"1":3,"2":1,"3":3,"4":3,"5":3,"6":3,"7":6,"8":3,"9":13,"10":13,"11":13,"12":13,"13":13,"14":13,"15":26,"16":13,"17":13,"18":13,"19":13,"20":13,"21":1,"22":1,"23":1,"24":1,"25":1,"26":1,"27":1,"28":1,"29":3,"30":3,"31":0,"32":0,"33":0,"34":0,"35":0,"36":0,"37":0,"38":3,"39":0,"40":0,"41":0,"42":0,"43":0,"44":0,"45":0},"f":{"0":16,"1":13,"2":1,"3":6,"4":26,"5":1,"6":0,"7":0},"b":{"0":[6,12],"1":[0],"2":[0],"3":[0],"4":[0]}}
,"/home/default/package/scripts/lib.ts": {"path":"/home/default/package/scripts/lib.ts","statementMap":{"0":{"start":{"line":16,"column":13},"end":{"line":16,"column":33}},"1":{"start":{"line":16,"column":13},"end":{"line":120,"column":25}},"2":{"start":{"line":32,"column":13},"end":{"line":32,"column":27}},"3":{"start":{"line":50,"column":13},"end":{"line":50,"column":32}},"4":{"start":{"line":87,"column":22},"end":{"line":87,"column":45}},"5":{"start":{"line":108,"column":13},"end":{"line":108,"column":28}},"6":{"start":{"line":120,"column":13},"end":{"line":120,"column":25}},"7":{"start":{"line":120,"column":13},"end":{"line":2,"column":null}},"8":{"start":{"line":2,"column":18},"end":{"line":3,"column":null}},"9":{"start":{"line":3,"column":15},"end":{"line":4,"column":null}},"10":{"start":{"line":4,"column":23},"end":{"line":5,"column":null}},"11":{"start":{"line":5,"column":25},"end":{"line":6,"column":null}},"12":{"start":{"line":6,"column":17},"end":{"line":8,"column":null}},"13":{"start":{"line":8,"column":16},"end":{"line":10,"column":null}},"14":{"start":{"line":10,"column":19},"end":{"line":10,"column":null}},"15":{"start":{"line":9,"column":19},"end":{"line":9,"column":22}},"16":{"start":{"line":16,"column":36},"end":{"line":30,"column":null}},"17":{"start":{"line":17,"column":17},"end":{"line":17,"column":null}},"18":{"start":{"line":18,"column":2},"end":{"line":18,"column":null}},"19":{"start":{"line":19,"column":14},"end":{"line":19,"column":null}},"20":{"start":{"line":21,"column":2},"end":{"line":29,"column":null}},"21":{"start":{"line":22,"column":20},"end":{"line":22,"column":null}},"22":{"start":{"line":23,"column":4},"end":{"line":23,"column":42}},"23":{"start":{"line":23,"column":30},"end":{"line":23,"column":42}},"24":{"start":{"line":24,"column":4},"end":{"line":24,"column":15}},"25":{"start":{"line":26,"column":4},"end":{"line":26,"column":16}},"26":{"start":{"line":28,"column":4},"end":{"line":28,"column":null}},"27":{"start":{"line":32,"column":30},"end":{"line":48,"column":null}},"28":{"start":{"line":33,"column":17},"end":{"line":33,"column":null}},"29":{"start":{"line":34,"column":2},"end":{"line":34,"column":null}},"30":{"start":{"line":35,"column":14},"end":{"line":37,"column":null}},"31":{"start":{"line":39,"column":2},"end":{"line":47,"column":null}},"32":{"start":{"line":40,"column":20},"end":{"line":40,"column":null}},"33":{"start":{"line":41,"column":4},"end":{"line":41,"column":42}},"34":{"start":{"line":41,"column":30},"end":{"line":41,"column":42}},"35":{"start":{"line":42,"column":4},"end":{"line":42,"column":15}},"36":{"start":{"line":44,"column":4},"end":{"line":44,"column":16}},"37":{"start":{"line":46,"column":4},"end":{"line":46,"column":null}},"38":{"start":{"line":50,"column":35},"end":{"line":81,"column":null}},"39":{"start":{"line":55,"column":2},"end":{"line":61,"column":6}},"40":{"start":{"line":56,"column":4},"end":{"line":60,"column":null}},"41":{"start":{"line":65,"column":36},"end":{"line":68,"column":null}},"42":{"start":{"line":70,"column":2},"end":{"line":73,"column":6}},"43":{"start":{"line":71,"column":4},"end":{"line":72,"column":null}},"44":{"start":{"line":74,"column":3},"end":{"line":77,"column":54}},"45":{"start":{"line":77,"column":4},"end":{"line":77,"column":54}},"46":{"start":{"line":78,"column":3},"end":{"line":80,"column":null}},"47":{"start":{"line":92,"column":17},"end":{"line":92,"column":null}},"48":{"start":{"line":93,"column":2},"end":{"line":93,"column":null}},"49":{"start":{"line":94,"column":14},"end":{"line":97,"column":null}},"50":{"start":{"line":99,"column":15},"end":{"line":99,"column":null}},"51":{"start":{"line":100,"column":2},"end":{"line":100,"column":null}},"52":{"start":{"line":101,"column":2},"end":{"line":101,"column":null}},"53":{"start":{"line":101,"column":32},"end":{"line":101,"column":47}},"54":{"start":{"line":108,"column":31},"end":{"line":114,"column":null}},"55":{"start":{"line":109,"column":15},"end":{"line":109,"column":19}},"56":{"start":{"line":109,"column":19},"end":{"line":112,"column":null}},"57":{"start":{"line":111,"column":4},"end":{"line":111,"column":null}},"58":{"start":{"line":113,"column":2},"end":{"line":113,"column":null}},"59":{"start":{"line":120,"column":28},"end":{"line":162,"column":null}},"60":{"start":{"line":125,"column":2},"end":{"line":127,"column":3}},"61":{"start":{"line":126,"column":4},"end":{"line":126,"column":null}},"62":{"start":{"line":129,"column":27},"end":{"line":129,"column":49}},"63":{"start":{"line":131,"column":17},"end":{"line":131,"column":null}},"64":{"start":{"line":133,"column":18},"end":{"line":135,"column":null}},"65":{"start":{"line":137,"column":18},"end":{"line":159,"column":null}},"66":{"start":{"line":138,"column":4},"end":{"line":158,"column":null}},"67":{"start":{"line":139,"column":22},"end":{"line":139,"column":null}},"68":{"start":{"line":141,"column":6},"end":{"line":151,"column":7}},"69":{"start":{"line":146,"column":8},"end":{"line":146,"column":null}},"70":{"start":{"line":147,"column":13},"end":{"line":151,"column":7}},"71":{"start":{"line":148,"column":8},"end":{"line":148,"column":null}},"72":{"start":{"line":149,"column":13},"end":{"line":151,"column":7}},"73":{"start":{"line":150,"column":8},"end":{"line":150,"column":null}},"74":{"start":{"line":151,"column":7},"end":{"line":155,"column":12}},"75":{"start":{"line":155,"column":6},"end":{"line":155,"column":null}},"76":{"start":{"line":157,"column":6},"end":{"line":157,"column":null}},"77":{"start":{"line":161,"column":2},"end":{"line":161,"column":null}}},"fnMap":{"0":{"name":"_export","decl":{"start":{"line":16,"column":13},"end":{"line":16,"column":33}},"loc":{"start":{"line":16,"column":13},"end":{"line":16,"column":33}}},"1":{"name":"(anonymous_1)","decl":{"start":{"line":16,"column":33},"end":{"line":16,"column":36}},"loc":{"start":{"line":16,"column":13},"end":{"line":16,"column":33}}},"2":{"name":"(anonymous_2)","decl":{"start":{"line":32,"column":27},"end":{"line":32,"column":30}},"loc":{"start":{"line":32,"column":13},"end":{"line":32,"column":27}}},"3":{"name":"(anonymous_3)","decl":{"start":{"line":50,"column":32},"end":{"line":50,"column":35}},"loc":{"start":{"line":50,"column":13},"end":{"line":50,"column":32}}},"4":{"name":"(anonymous_4)","decl":{"start":{"line":87,"column":45},"end":{"line":87,"column":46}},"loc":{"start":{"line":87,"column":22},"end":{"line":87,"column":45}}},"5":{"name":"(anonymous_5)","decl":{"start":{"line":108,"column":28},"end":{"line":108,"column":31}},"loc":{"start":{"line":108,"column":13},"end":{"line":108,"column":28}}},"6":{"name":"(anonymous_6)","decl":{"start":{"line":120,"column":25},"end":{"line":120,"column":28}},"loc":{"start":{"line":120,"column":13},"end":{"line":120,"column":25}}},"7":{"name":"_interop_require_default","decl":{"start":{"line":10,"column":19},"end":{"line":10,"column":null}},"loc":{"start":{"line":10,"column":19},"end":{"line":10,"column":null}}},"8":{"name":"(anonymous_8)","decl":{"start":{"line":16,"column":36},"end":{"line":16,"column":48}},"loc":{"start":{"line":16,"column":48},"end":{"line":30,"column":null}}},"9":{"name":"(anonymous_9)","decl":{"start":{"line":32,"column":30},"end":{"line":32,"column":37}},"loc":{"start":{"line":32,"column":78},"end":{"line":48,"column":null}}},"10":{"name":"(anonymous_10)","decl":{"start":{"line":50,"column":35},"end":{"line":50,"column":42}},"loc":{"start":{"line":54,"column":6},"end":{"line":81,"column":null}}},"11":{"name":"getTextColumnsFromTable","decl":{"start":{"line":87,"column":22},"end":{"line":87,"column":45}},"loc":{"start":{"line":91,"column":3},"end":{"line":102,"column":null}}},"12":{"name":"(anonymous_12)","decl":{"start":{"line":101,"column":23},"end":{"line":101,"column":31}},"loc":{"start":{"line":101,"column":32},"end":{"line":101,"column":47}}},"13":{"name":"(anonymous_13)","decl":{"start":{"line":108,"column":31},"end":{"line":108,"column":38}},"loc":{"start":{"line":108,"column":57},"end":{"line":114,"column":null}}},"14":{"name":"(anonymous_14)","decl":{"start":{"line":110,"column":40},"end":{"line":110,"column":46}},"loc":{"start":{"line":110,"column":47},"end":{"line":112,"column":null}}},"15":{"name":"(anonymous_15)","decl":{"start":{"line":120,"column":28},"end":{"line":120,"column":null}},"loc":{"start":{"line":124,"column":5},"end":{"line":162,"column":null}}},"16":{"name":"(anonymous_16)","decl":{"start":{"line":137,"column":30},"end":{"line":137,"column":42}},"loc":{"start":{"line":137,"column":43},"end":{"line":159,"column":null}}},"17":{"name":"(anonymous_17)","decl":{"start":{"line":138,"column":27},"end":{"line":138,"column":34}},"loc":{"start":{"line":138,"column":47},"end":{"line":158,"column":null}}}},"branchMap":{"0":{"loc":{"start":{"line":10,"column":19},"end":{"line":10,"column":null}},"type":"cond-expr","locations":[{"start":{"line":10,"column":19},"end":{"line":10,"column":null}},{"start":{"line":10,"column":19},"end":{"line":10,"column":null}}]},"1":{"loc":{"start":{"line":23,"column":4},"end":{"line":23,"column":42}},"type":"if","locations":[{"start":{"line":23,"column":4},"end":{"line":23,"column":42}}]},"2":{"loc":{"start":{"line":41,"column":4},"end":{"line":41,"column":42}},"type":"if","locations":[{"start":{"line":41,"column":4},"end":{"line":41,"column":42}}]},"3":{"loc":{"start":{"line":55,"column":2},"end":{"line":61,"column":6}},"type":"if","locations":[{"start":{"line":55,"column":2},"end":{"line":61,"column":6}}]},"4":{"loc":{"start":{"line":70,"column":2},"end":{"line":73,"column":6}},"type":"if","locations":[{"start":{"line":70,"column":2},"end":{"line":73,"column":6}}]},"5":{"loc":{"start":{"line":74,"column":3},"end":{"line":77,"column":54}},"type":"if","locations":[{"start":{"line":74,"column":3},"end":{"line":77,"column":54}}]},"6":{"loc":{"start":{"line":80,"column":9},"end":{"line":80,"column":null}},"type":"binary-expr","locations":[{"start":{"line":80,"column":9},"end":{"line":80,"column":23}},{"start":{"line":80,"column":23},"end":{"line":80,"column":null}}]},"7":{"loc":{"start":{"line":123,"column":2},"end":{"line":123,"column":51}},"type":"default-arg","locations":[{"start":{"line":123,"column":49},"end":{"line":123,"column":51}}]},"8":{"loc":{"start":{"line":125,"column":2},"end":{"line":127,"column":3}},"type":"if","locations":[{"start":{"line":125,"column":2},"end":{"line":127,"column":3}}]},"9":{"loc":{"start":{"line":125,"column":6},"end":{"line":125,"column":55}},"type":"binary-expr","locations":[{"start":{"line":125,"column":6},"end":{"line":125,"column":23}},{"start":{"line":125,"column":23},"end":{"line":125,"column":55}}]},"10":{"loc":{"start":{"line":141,"column":6},"end":{"line":151,"column":7}},"type":"if","locations":[{"start":{"line":141,"column":6},"end":{"line":151,"column":7}},{"start":{"line":147,"column":13},"end":{"line":151,"column":7}}]},"11":{"loc":{"start":{"line":142,"column":8},"end":{"line":144,"column":63}},"type":"binary-expr","locations":[{"start":{"line":142,"column":8},"end":{"line":142,"column":null}},{"start":{"line":143,"column":8},"end":{"line":143,"column":null}},{"start":{"line":144,"column":8},"end":{"line":144,"column":63}}]},"12":{"loc":{"start":{"line":147,"column":13},"end":{"line":151,"column":7}},"type":"if","locations":[{"start":{"line":147,"column":13},"end":{"line":151,"column":7}},{"start":{"line":149,"column":13},"end":{"line":151,"column":7}}]},"13":{"loc":{"start":{"line":149,"column":13},"end":{"line":151,"column":7}},"type":"if","locations":[{"start":{"line":149,"column":13},"end":{"line":151,"column":7}}]},"14":{"loc":{"start":{"line":153,"column":36},"end":{"line":153,"column":64}},"type":"cond-expr","locations":[{"start":{"line":153,"column":48},"end":{"line":153,"column":59}},{"start":{"line":153,"column":62},"end":{"line":153,"column":64}}]}},"s":{"0":24,"1":3,"2":0,"3":0,"4":14,"5":0,"6":0,"7":3,"8":3,"9":3,"10":3,"11":3,"12":3,"13":3,"14":18,"15":3,"16":3,"17":0,"18":0,"19":0,"20":0,"21":0,"22":0,"23":0,"24":0,"25":0,"26":0,"27":3,"28":0,"29":0,"30":0,"31":0,"32":0,"33":0,"34":0,"35":0,"36":0,"37":0,"38":3,"39":0,"40":0,"41":0,"42":0,"43":0,"44":0,"45":0,"46":0,"47":14,"48":14,"49":14,"50":14,"51":14,"52":14,"53":28,"54":3,"55":0,"56":0,"57":0,"58":0,"59":3,"60":0,"61":0,"62":0,"63":0,"64":0,"65":0,"66":0,"67":0,"68":0,"69":0,"70":0,"71":0,"72":0,"73":0,"74":0,"75":0,"76":0,"77":0},"f":{"0":3,"1":0,"2":0,"3":0,"4":14,"5":0,"6":0,"7":18,"8":0,"9":0,"10":0,"11":14,"12":28,"13":0,"14":0,"15":0,"16":0,"17":0},"b":{"0":[18,36],"1":[0],"2":[0],"3":[0],"4":[0],"5":[0],"6":[0,0],"7":[0],"8":[0],"9":[0,0],"10":[0,0],"11":[0,0,0],"12":[0,0],"13":[0],"14":[0,0]}}
,"/home/default/package/scripts/mock-data.ts": {"path":"/home/default/package/scripts/mock-data.ts","statementMap":{"0":{"start":{"line":31,"column":22},"end":{"line":31,"column":39}},"1":{"start":{"line":31,"column":22},"end":{"line":1,"column":null}},"2":{"start":{"line":1,"column":16},"end":{"line":3,"column":null}},"3":{"start":{"line":3,"column":19},"end":{"line":4,"column":null}},"4":{"start":{"line":4,"column":22},"end":{"line":4,"column":null}},"5":{"start":{"line":2,"column":19},"end":{"line":2,"column":22}},"6":{"start":{"line":7,"column":15},"end":{"line":7,"column":null}},"7":{"start":{"line":8,"column":22},"end":{"line":8,"column":null}},"8":{"start":{"line":11,"column":2},"end":{"line":12,"column":66}},"9":{"start":{"line":12,"column":4},"end":{"line":12,"column":66}},"10":{"start":{"line":16,"column":20},"end":{"line":16,"column":null}},"11":{"start":{"line":17,"column":27},"end":{"line":17,"column":null}},"12":{"start":{"line":19,"column":23},"end":{"line":19,"column":null}},"13":{"start":{"line":20,"column":19},"end":{"line":20,"column":null}},"14":{"start":{"line":22,"column":30},"end":{"line":23,"column":null}},"15":{"start":{"line":26,"column":2},"end":{"line":26,"column":null}},"16":{"start":{"line":28,"column":2},"end":{"line":28,"column":79}},"17":{"start":{"line":40,"column":17},"end":{"line":40,"column":null}},"18":{"start":{"line":41,"column":2},"end":{"line":41,"column":null}},"19":{"start":{"line":43,"column":14},"end":{"line":45,"column":null}},"20":{"start":{"line":48,"column":2},"end":{"line":48,"column":null}},"21":{"start":{"line":50,"column":2},"end":{"line":52,"column":3}},"22":{"start":{"line":51,"column":4},"end":{"line":51,"column":null}},"23":{"start":{"line":56,"column":17},"end":{"line":56,"column":19}},"24":{"start":{"line":57,"column":2},"end":{"line":59,"column":null}},"25":{"start":{"line":57,"column":15},"end":{"line":57,"column":18}},"26":{"start":{"line":58,"column":4},"end":{"line":58,"column":null}},"27":{"start":{"line":62,"column":20},"end":{"line":65,"column":null}},"28":{"start":{"line":68,"column":2},"end":{"line":70,"column":8}},"29":{"start":{"line":70,"column":2},"end":{"line":70,"column":null}}},"fnMap":{"0":{"name":"(anonymous_0)","decl":{"start":{"line":31,"column":22},"end":{"line":31,"column":39}},"loc":{"start":{"line":31,"column":22},"end":{"line":31,"column":39}}},"1":{"name":"_interop_require_default","decl":{"start":{"line":4,"column":22},"end":{"line":4,"column":null}},"loc":{"start":{"line":4,"column":22},"end":{"line":4,"column":null}}},"2":{"name":"createRandomProduct","decl":{"start":{"line":6,"column":9},"end":{"line":6,"column":29}},"loc":{"start":{"line":6,"column":40},"end":{"line":28,"column":79}}}},"branchMap":{"0":{"loc":{"start":{"line":4,"column":22},"end":{"line":4,"column":null}},"type":"cond-expr","locations":[{"start":{"line":4,"column":22},"end":{"line":4,"column":null}},{"start":{"line":4,"column":22},"end":{"line":4,"column":null}}]},"1":{"loc":{"start":{"line":11,"column":2},"end":{"line":12,"column":66}},"type":"if","locations":[{"start":{"line":11,"column":2},"end":{"line":12,"column":66}}]},"2":{"loc":{"start":{"line":50,"column":2},"end":{"line":52,"column":3}},"type":"if","locations":[{"start":{"line":50,"column":2},"end":{"line":52,"column":3}}]}},"s":{"0":21,"1":3,"2":3,"3":3,"4":6,"5":3,"6":1500,"7":1500,"8":1500,"9":1350,"10":150,"11":150,"12":150,"13":150,"14":150,"15":150,"16":150,"17":15,"18":15,"19":15,"20":15,"21":15,"22":15,"23":15,"24":15,"25":15,"26":1500,"27":15,"28":15,"29":15},"f":{"0":30,"1":6,"2":1500},"b":{"0":[6,12],"1":[1350],"2":[15]}}
,"/home/default/package/src/client.ts": {"path":"/home/default/package/src/client.ts","statementMap":{"0":{"start":{"line":11,"column":16},"end":{"line":11,"column":28}},"1":{"start":{"line":12,"column":2},"end":{"line":24,"column":null}},"2":{"start":{"line":14,"column":19},"end":{"line":18,"column":null}},"3":{"start":{"line":19,"column":6},"end":{"line":20,"column":47}},"4":{"start":{"line":20,"column":8},"end":{"line":20,"column":47}},"5":{"start":{"line":21,"column":7},"end":{"line":22,"column":null}}},"fnMap":{"0":{"name":"(anonymous_0)","decl":{"start":{"line":11,"column":16},"end":{"line":11,"column":28}},"loc":{"start":{"line":11,"column":16},"end":{"line":11,"column":28}}},"1":{"name":"(anonymous_2)","decl":{"start":{"line":13,"column":12},"end":{"line":13,"column":19}},"loc":{"start":{"line":13,"column":40},"end":{"line":23,"column":null}}}},"branchMap":{"0":{"loc":{"start":{"line":19,"column":6},"end":{"line":20,"column":47}},"type":"if","locations":[{"start":{"line":19,"column":6},"end":{"line":20,"column":47}}]}},"s":{"0":9,"1":3,"2":3,"3":3,"4":0,"5":3},"f":{"0":6,"1":3},"b":{"0":[0]}}
,"/home/default/package/src/constants.ts": {"path":"/home/default/package/src/constants.ts","statementMap":{"0":{"start":{"line":1,"column":13},"end":{"line":1,"column":26}},"1":{"start":{"line":1,"column":13},"end":{"line":5,"column":27}},"2":{"start":{"line":2,"column":13},"end":{"line":2,"column":25}},"3":{"start":{"line":3,"column":13},"end":{"line":3,"column":30}},"4":{"start":{"line":4,"column":13},"end":{"line":4,"column":22}},"5":{"start":{"line":5,"column":13},"end":{"line":5,"column":27}},"6":{"start":{"line":1,"column":29},"end":{"line":1,"column":null}},"7":{"start":{"line":2,"column":28},"end":{"line":2,"column":null}},"8":{"start":{"line":3,"column":33},"end":{"line":3,"column":null}},"9":{"start":{"line":4,"column":25},"end":{"line":4,"column":null}},"10":{"start":{"line":5,"column":30},"end":{"line":5,"column":null}}},"fnMap":{"0":{"name":"_export","decl":{"start":{"line":1,"column":13},"end":{"line":1,"column":26}},"loc":{"start":{"line":1,"column":13},"end":{"line":1,"column":26}}},"1":{"name":"(anonymous_1)","decl":{"start":{"line":1,"column":26},"end":{"line":1,"column":29}},"loc":{"start":{"line":1,"column":13},"end":{"line":1,"column":26}}},"2":{"name":"(anonymous_2)","decl":{"start":{"line":2,"column":25},"end":{"line":2,"column":28}},"loc":{"start":{"line":2,"column":13},"end":{"line":2,"column":25}}},"3":{"name":"(anonymous_3)","decl":{"start":{"line":3,"column":30},"end":{"line":3,"column":33}},"loc":{"start":{"line":3,"column":13},"end":{"line":3,"column":30}}},"4":{"name":"(anonymous_4)","decl":{"start":{"line":4,"column":22},"end":{"line":4,"column":25}},"loc":{"start":{"line":4,"column":13},"end":{"line":4,"column":22}}},"5":{"name":"(anonymous_5)","decl":{"start":{"line":5,"column":27},"end":{"line":5,"column":30}},"loc":{"start":{"line":5,"column":13},"end":{"line":5,"column":27}}}},"branchMap":{},"s":{"0":147,"1":4,"2":16,"3":6,"4":3,"5":3,"6":4,"7":4,"8":4,"9":4,"10":4},"f":{"0":4,"1":119,"2":16,"3":6,"4":3,"5":3},"b":{}}
,"/home/default/package/src/index.ts": {"path":"/home/default/package/src/index.ts","statementMap":{"0":{"start":{"line":26,"column":13},"end":{"line":26,"column":29}},"1":{"start":{"line":26,"column":13},"end":{"line":35,"column":35}},"2":{"start":{"line":35,"column":22},"end":{"line":35,"column":35}},"3":{"start":{"line":35,"column":22},"end":{"line":1,"column":null}},"4":{"start":{"line":1,"column":16},"end":{"line":3,"column":null}},"5":{"start":{"line":3,"column":19},"end":{"line":5,"column":null}},"6":{"start":{"line":5,"column":30},"end":{"line":14,"column":null}},"7":{"start":{"line":14,"column":32},"end":{"line":16,"column":null}},"8":{"start":{"line":16,"column":27},"end":{"line":17,"column":null}},"9":{"start":{"line":17,"column":26},"end":{"line":18,"column":null}},"10":{"start":{"line":18,"column":29},"end":{"line":19,"column":null}},"11":{"start":{"line":19,"column":30},"end":{"line":20,"column":null}},"12":{"start":{"line":20,"column":32},"end":{"line":21,"column":null}},"13":{"start":{"line":21,"column":21},"end":{"line":140,"column":null}},"14":{"start":{"line":140,"column":14},"end":{"line":140,"column":null}},"15":{"start":{"line":2,"column":19},"end":{"line":2,"column":22}},"16":{"start":{"line":23,"column":15},"end":{"line":23,"column":null}},"17":{"start":{"line":24,"column":0},"end":{"line":24,"column":null}},"18":{"start":{"line":27,"column":2},"end":{"line":29,"column":null}},"19":{"start":{"line":27,"column":32},"end":{"line":29,"column":null}},"20":{"start":{"line":28,"column":4},"end":{"line":28,"column":null}},"21":{"start":{"line":44,"column":15},"end":{"line":44,"column":77}},"22":{"start":{"line":45,"column":17},"end":{"line":45,"column":null}},"23":{"start":{"line":47,"column":2},"end":{"line":50,"column":3}},"24":{"start":{"line":48,"column":4},"end":{"line":48,"column":null}},"25":{"start":{"line":49,"column":4},"end":{"line":49,"column":null}},"26":{"start":{"line":52,"column":58},"end":{"line":52,"column":69}},"27":{"start":{"line":53,"column":20},"end":{"line":53,"column":null}},"28":{"start":{"line":59,"column":34},"end":{"line":59,"column":null}},"29":{"start":{"line":60,"column":21},"end":{"line":60,"column":null}},"30":{"start":{"line":60,"column":42},"end":{"line":60,"column":null}},"31":{"start":{"line":61,"column":18},"end":{"line":61,"column":null}},"32":{"start":{"line":62,"column":21},"end":{"line":62,"column":null}},"33":{"start":{"line":63,"column":17},"end":{"line":66,"column":null}},"34":{"start":{"line":68,"column":20},"end":{"line":68,"column":null}},"35":{"start":{"line":74,"column":14},"end":{"line":110,"column":null}},"36":{"start":{"line":113,"column":33},"end":{"line":113,"column":null}},"37":{"start":{"line":114,"column":42},"end":{"line":114,"column":56}},"38":{"start":{"line":120,"column":31},"end":{"line":135,"column":null}},"39":{"start":{"line":125,"column":12},"end":{"line":125,"column":null}},"40":{"start":{"line":126,"column":12},"end":{"line":126,"column":null}},"41":{"start":{"line":137,"column":2},"end":{"line":137,"column":null}}},"fnMap":{"0":{"name":"_export","decl":{"start":{"line":26,"column":13},"end":{"line":26,"column":29}},"loc":{"start":{"line":26,"column":13},"end":{"line":26,"column":29}}},"1":{"name":"(anonymous_1)","decl":{"start":{"line":26,"column":29},"end":{"line":26,"column":null}},"loc":{"start":{"line":26,"column":13},"end":{"line":26,"column":29}}},"2":{"name":"(anonymous_2)","decl":{"start":{"line":35,"column":35},"end":{"line":35,"column":null}},"loc":{"start":{"line":35,"column":22},"end":{"line":35,"column":35}}},"3":{"name":"_export_star","decl":{"start":{"line":140,"column":14},"end":{"line":140,"column":null}},"loc":{"start":{"line":140,"column":14},"end":{"line":140,"column":null}}},"4":{"name":"(anonymous_7)","decl":{"start":{"line":27,"column":2},"end":{"line":27,"column":31}},"loc":{"start":{"line":27,"column":32},"end":{"line":29,"column":null}}},"5":{"name":"(anonymous_8)","decl":{"start":{"line":27,"column":32},"end":{"line":27,"column":33}},"loc":{"start":{"line":27,"column":70},"end":{"line":29,"column":null}}},"6":{"name":"searchHandler","decl":{"start":{"line":35,"column":22},"end":{"line":35,"column":35}},"loc":{"start":{"line":39,"column":2},"end":{"line":138,"column":null}}},"7":{"name":"(anonymous_10)","decl":{"start":{"line":60,"column":35},"end":{"line":60,"column":41}},"loc":{"start":{"line":60,"column":42},"end":{"line":60,"column":null}}},"8":{"name":"(anonymous_11)","decl":{"start":{"line":124,"column":20},"end":{"line":124,"column":28}},"loc":{"start":{"line":124,"column":29},"end":{"line":127,"column":16}}}},"branchMap":{"0":{"loc":{"start":{"line":140,"column":14},"end":{"line":140,"column":null}},"type":"if","locations":[{"start":{"line":140,"column":14},"end":{"line":140,"column":null}}]},"1":{"loc":{"start":{"line":140,"column":14},"end":{"line":140,"column":null}},"type":"binary-expr","locations":[{"start":{"line":140,"column":14},"end":{"line":140,"column":null}},{"start":{"line":140,"column":14},"end":{"line":140,"column":null}}]},"2":{"loc":{"start":{"line":38,"column":2},"end":{"line":38,"column":30}},"type":"default-arg","locations":[{"start":{"line":38,"column":28},"end":{"line":38,"column":30}}]},"3":{"loc":{"start":{"line":44,"column":15},"end":{"line":44,"column":77}},"type":"cond-expr","locations":[{"start":{"line":44,"column":46},"end":{"line":44,"column":69}},{"start":{"line":44,"column":69},"end":{"line":44,"column":77}}]},"4":{"loc":{"start":{"line":47,"column":2},"end":{"line":50,"column":3}},"type":"if","locations":[{"start":{"line":47,"column":2},"end":{"line":50,"column":3}}]},"5":{"loc":{"start":{"line":65,"column":4},"end":{"line":66,"column":null}},"type":"binary-expr","locations":[{"start":{"line":65,"column":4},"end":{"line":65,"column":null}},{"start":{"line":66,"column":6},"end":{"line":66,"column":null}}]},"6":{"loc":{"start":{"line":81,"column":10},"end":{"line":81,"column":67}},"type":"cond-expr","locations":[{"start":{"line":81,"column":33},"end":{"line":81,"column":62}},{"start":{"line":81,"column":65},"end":{"line":81,"column":67}}]},"7":{"loc":{"start":{"line":85,"column":10},"end":{"line":85,"column":71}},"type":"cond-expr","locations":[{"start":{"line":85,"column":36},"end":{"line":85,"column":66}},{"start":{"line":85,"column":69},"end":{"line":85,"column":71}}]},"8":{"loc":{"start":{"line":89,"column":10},"end":{"line":89,"column":67}},"type":"cond-expr","locations":[{"start":{"line":89,"column":33},"end":{"line":89,"column":62}},{"start":{"line":89,"column":65},"end":{"line":89,"column":67}}]},"9":{"loc":{"start":{"line":124,"column":10},"end":{"line":127,"column":18}},"type":"binary-expr","locations":[{"start":{"line":124,"column":10},"end":{"line":127,"column":16}},{"start":{"line":127,"column":16},"end":{"line":127,"column":18}}]},"10":{"loc":{"start":{"line":125,"column":18},"end":{"line":125,"column":null}},"type":"binary-expr","locations":[{"start":{"line":125,"column":18},"end":{"line":125,"column":47}},{"start":{"line":125,"column":47},"end":{"line":125,"column":null}}]},"11":{"loc":{"start":{"line":126,"column":19},"end":{"line":126,"column":null}},"type":"binary-expr","locations":[{"start":{"line":126,"column":19},"end":{"line":126,"column":47}},{"start":{"line":126,"column":47},"end":{"line":126,"column":null}}]}},"s":{"0":10,"1":2,"2":13,"3":2,"4":2,"5":2,"6":2,"7":2,"8":2,"9":2,"10":2,"11":2,"12":2,"13":2,"14":12,"15":2,"16":2,"17":2,"18":2,"19":2,"20":2,"21":15,"22":15,"23":15,"24":4,"25":4,"26":11,"27":11,"28":11,"29":11,"30":4,"31":11,"32":11,"33":11,"34":11,"35":11,"36":11,"37":11,"38":11,"39":82,"40":82,"41":11},"f":{"0":2,"1":2,"2":13,"3":8,"4":2,"5":2,"6":15,"7":4,"8":82},"b":{"0":[2],"1":[6,10],"2":[9],"3":[1,14],"4":[4],"5":[11,4],"6":[1,10],"7":[2,9],"8":[1,10],"9":[11,1],"10":[82,80],"11":[82,14]}}
,"/home/default/package/src/index.validation.ts": {"path":"/home/default/package/src/index.validation.ts","statementMap":{"0":{"start":{"line":11,"column":13},"end":{"line":11,"column":29}},"1":{"start":{"line":11,"column":13},"end":{"line":43,"column":28}},"2":{"start":{"line":22,"column":13},"end":{"line":22,"column":30}},"3":{"start":{"line":26,"column":13},"end":{"line":26,"column":25}},"4":{"start":{"line":37,"column":13},"end":{"line":37,"column":22}},"5":{"start":{"line":43,"column":13},"end":{"line":43,"column":28}},"6":{"start":{"line":43,"column":13},"end":{"line":1,"column":null}},"7":{"start":{"line":1,"column":18},"end":{"line":3,"column":null}},"8":{"start":{"line":11,"column":32},"end":{"line":20,"column":null}},"9":{"start":{"line":22,"column":33},"end":{"line":24,"column":null}},"10":{"start":{"line":26,"column":28},"end":{"line":35,"column":null}},"11":{"start":{"line":37,"column":25},"end":{"line":41,"column":null}},"12":{"start":{"line":43,"column":31},"end":{"line":82,"column":null}},"13":{"start":{"line":48,"column":4},"end":{"line":48,"column":null}},"14":{"start":{"line":48,"column":40},"end":{"line":48,"column":78}},"15":{"start":{"line":51,"column":20},"end":{"line":73,"column":null}},"16":{"start":{"line":59,"column":6},"end":{"line":59,"column":48}},"17":{"start":{"line":59,"column":37},"end":{"line":59,"column":48}},"18":{"start":{"line":60,"column":6},"end":{"line":61,"column":null}},"19":{"start":{"line":61,"column":8},"end":{"line":61,"column":null}},"20":{"start":{"line":65,"column":6},"end":{"line":65,"column":45}},"21":{"start":{"line":65,"column":34},"end":{"line":65,"column":45}},"22":{"start":{"line":66,"column":6},"end":{"line":67,"column":null}},"23":{"start":{"line":67,"column":8},"end":{"line":67,"column":null}},"24":{"start":{"line":71,"column":6},"end":{"line":71,"column":32}},"25":{"start":{"line":71,"column":21},"end":{"line":71,"column":32}},"26":{"start":{"line":72,"column":6},"end":{"line":72,"column":null}},"27":{"start":{"line":75,"column":18},"end":{"line":79,"column":null}},"28":{"start":{"line":81,"column":2},"end":{"line":81,"column":null}}},"fnMap":{"0":{"name":"_export","decl":{"start":{"line":11,"column":13},"end":{"line":11,"column":29}},"loc":{"start":{"line":11,"column":13},"end":{"line":11,"column":29}}},"1":{"name":"(anonymous_1)","decl":{"start":{"line":11,"column":29},"end":{"line":11,"column":32}},"loc":{"start":{"line":11,"column":13},"end":{"line":11,"column":29}}},"2":{"name":"(anonymous_2)","decl":{"start":{"line":22,"column":30},"end":{"line":22,"column":33}},"loc":{"start":{"line":22,"column":13},"end":{"line":22,"column":30}}},"3":{"name":"(anonymous_3)","decl":{"start":{"line":26,"column":25},"end":{"line":26,"column":28}},"loc":{"start":{"line":26,"column":13},"end":{"line":26,"column":25}}},"4":{"name":"(anonymous_4)","decl":{"start":{"line":37,"column":22},"end":{"line":37,"column":25}},"loc":{"start":{"line":37,"column":13},"end":{"line":37,"column":22}}},"5":{"name":"(anonymous_5)","decl":{"start":{"line":43,"column":28},"end":{"line":43,"column":31}},"loc":{"start":{"line":43,"column":13},"end":{"line":43,"column":28}}},"6":{"name":"(anonymous_6)","decl":{"start":{"line":43,"column":31},"end":{"line":43,"column":32}},"loc":{"start":{"line":43,"column":75},"end":{"line":82,"column":null}}},"7":{"name":"(anonymous_7)","decl":{"start":{"line":48,"column":28},"end":{"line":48,"column":39}},"loc":{"start":{"line":48,"column":40},"end":{"line":48,"column":78}}},"8":{"name":"(anonymous_8)","decl":{"start":{"line":58,"column":12},"end":{"line":58,"column":13}},"loc":{"start":{"line":58,"column":38},"end":{"line":63,"column":7}}},"9":{"name":"(anonymous_9)","decl":{"start":{"line":60,"column":37},"end":{"line":61,"column":7}},"loc":{"start":{"line":61,"column":8},"end":{"line":61,"column":null}}},"10":{"name":"(anonymous_10)","decl":{"start":{"line":64,"column":12},"end":{"line":64,"column":13}},"loc":{"start":{"line":64,"column":35},"end":{"line":69,"column":7}}},"11":{"name":"(anonymous_11)","decl":{"start":{"line":66,"column":34},"end":{"line":67,"column":7}},"loc":{"start":{"line":67,"column":8},"end":{"line":67,"column":null}}},"12":{"name":"(anonymous_12)","decl":{"start":{"line":70,"column":12},"end":{"line":70,"column":13}},"loc":{"start":{"line":70,"column":30},"end":{"line":73,"column":7}}}},"branchMap":{"0":{"loc":{"start":{"line":48,"column":4},"end":{"line":48,"column":null}},"type":"binary-expr","locations":[{"start":{"line":48,"column":4},"end":{"line":48,"column":15}},{"start":{"line":48,"column":15},"end":{"line":48,"column":null}}]},"1":{"loc":{"start":{"line":59,"column":6},"end":{"line":59,"column":48}},"type":"if","locations":[{"start":{"line":59,"column":6},"end":{"line":59,"column":48}}]},"2":{"loc":{"start":{"line":65,"column":6},"end":{"line":65,"column":45}},"type":"if","locations":[{"start":{"line":65,"column":6},"end":{"line":65,"column":45}}]},"3":{"loc":{"start":{"line":71,"column":6},"end":{"line":71,"column":32}},"type":"if","locations":[{"start":{"line":71,"column":6},"end":{"line":71,"column":32}}]}},"s":{"0":21,"1":3,"2":0,"3":0,"4":2,"5":15,"6":3,"7":3,"8":3,"9":3,"10":3,"11":3,"12":3,"13":15,"14":6,"15":15,"16":5,"17":2,"18":3,"19":6,"20":5,"21":2,"22":3,"23":8,"24":5,"25":5,"26":0,"27":15,"28":15},"f":{"0":3,"1":0,"2":0,"3":0,"4":2,"5":15,"6":15,"7":6,"8":5,"9":6,"10":5,"11":8,"12":5},"b":{"0":[15,15],"1":[2],"2":[2],"3":[5]}}
,"/home/default/package/src/lib/columns.ts": {"path":"/home/default/package/src/lib/columns.ts","statementMap":{"0":{"start":{"line":8,"column":13},"end":{"line":8,"column":26}},"1":{"start":{"line":8,"column":13},"end":{"line":1,"column":null}},"2":{"start":{"line":1,"column":19},"end":{"line":3,"column":null}},"3":{"start":{"line":3,"column":30},"end":{"line":3,"column":null}},"4":{"start":{"line":8,"column":26},"end":{"line":29,"column":null}},"5":{"start":{"line":9,"column":2},"end":{"line":19,"column":3}},"6":{"start":{"line":10,"column":4},"end":{"line":18,"column":null}},"7":{"start":{"line":15,"column":48},"end":{"line":15,"column":null}},"8":{"start":{"line":16,"column":8},"end":{"line":16,"column":null}},"9":{"start":{"line":19,"column":3},"end":{"line":27,"column":19}},"10":{"start":{"line":24,"column":23},"end":{"line":24,"column":null}}},"fnMap":{"0":{"name":"(anonymous_0)","decl":{"start":{"line":8,"column":13},"end":{"line":8,"column":26}},"loc":{"start":{"line":8,"column":13},"end":{"line":8,"column":26}}},"1":{"name":"_interop_require_default","decl":{"start":{"line":3,"column":30},"end":{"line":3,"column":null}},"loc":{"start":{"line":3,"column":30},"end":{"line":3,"column":null}}},"2":{"name":"(anonymous_2)","decl":{"start":{"line":8,"column":26},"end":{"line":8,"column":60}},"loc":{"start":{"line":8,"column":61},"end":{"line":29,"column":null}}},"3":{"name":"(anonymous_3)","decl":{"start":{"line":12,"column":17},"end":{"line":12,"column":30}},"loc":{"start":{"line":12,"column":31},"end":{"line":17,"column":null}}},"4":{"name":"(anonymous_4)","decl":{"start":{"line":24,"column":14},"end":{"line":24,"column":22}},"loc":{"start":{"line":24,"column":23},"end":{"line":24,"column":null}}}},"branchMap":{"0":{"loc":{"start":{"line":3,"column":30},"end":{"line":3,"column":null}},"type":"cond-expr","locations":[{"start":{"line":3,"column":30},"end":{"line":3,"column":null}},{"start":{"line":3,"column":30},"end":{"line":3,"column":null}}]},"1":{"loc":{"start":{"line":9,"column":2},"end":{"line":19,"column":3}},"type":"if","locations":[{"start":{"line":9,"column":2},"end":{"line":19,"column":3}}]}},"s":{"0":15,"1":2,"2":2,"3":2,"4":2,"5":11,"6":9,"7":68,"8":68,"9":2,"10":6},"f":{"0":11,"1":2,"2":11,"3":68,"4":6},"b":{"0":[2,4],"1":[9]}}
,"/home/default/package/src/lib/facets.ts": {"path":"/home/default/package/src/lib/facets.ts","statementMap":{"0":{"start":{"line":18,"column":13},"end":{"line":18,"column":25}},"1":{"start":{"line":18,"column":13},"end":{"line":1,"column":null}},"2":{"start":{"line":1,"column":32},"end":{"line":3,"column":null}},"3":{"start":{"line":3,"column":19},"end":{"line":3,"column":null}},"4":{"start":{"line":18,"column":25},"end":{"line":284,"column":null}},"5":{"start":{"line":23,"column":2},"end":{"line":25,"column":15}},"6":{"start":{"line":25,"column":4},"end":{"line":25,"column":15}},"7":{"start":{"line":31,"column":33},"end":{"line":32,"column":null}},"8":{"start":{"line":32,"column":15},"end":{"line":32,"column":25}},"9":{"start":{"line":35,"column":27},"end":{"line":38,"column":null}},"10":{"start":{"line":42,"column":2},"end":{"line":44,"column":15}},"11":{"start":{"line":44,"column":4},"end":{"line":44,"column":15}},"12":{"start":{"line":47,"column":25},"end":{"line":47,"column":null}},"13":{"start":{"line":49,"column":2},"end":{"line":53,"column":6}},"14":{"start":{"line":50,"column":4},"end":{"line":52,"column":null}},"15":{"start":{"line":60,"column":25},"end":{"line":63,"column":22}},"16":{"start":{"line":66,"column":27},"end":{"line":73,"column":null}},"17":{"start":{"line":67,"column":4},"end":{"line":67,"column":null}},"18":{"start":{"line":67,"column":16},"end":{"line":67,"column":null}},"19":{"start":{"line":68,"column":4},"end":{"line":72,"column":null}},"20":{"start":{"line":69,"column":6},"end":{"line":69,"column":null}},"21":{"start":{"line":71,"column":6},"end":{"line":71,"column":null}},"22":{"start":{"line":75,"column":2},"end":{"line":83,"column":15}},"23":{"start":{"line":76,"column":4},"end":{"line":78,"column":5}},"24":{"start":{"line":77,"column":6},"end":{"line":77,"column":null}},"25":{"start":{"line":78,"column":5},"end":{"line":80,"column":11}},"26":{"start":{"line":80,"column":4},"end":{"line":80,"column":null}},"27":{"start":{"line":82,"column":4},"end":{"line":82,"column":null}},"28":{"start":{"line":83,"column":4},"end":{"line":83,"column":15}},"29":{"start":{"line":86,"column":2},"end":{"line":88,"column":15}},"30":{"start":{"line":87,"column":4},"end":{"line":87,"column":null}},"31":{"start":{"line":88,"column":4},"end":{"line":88,"column":15}},"32":{"start":{"line":104,"column":17},"end":{"line":106,"column":null}},"33":{"start":{"line":109,"column":15},"end":{"line":112,"column":49}},"34":{"start":{"line":116,"column":28},"end":{"line":152,"column":5}},"35":{"start":{"line":117,"column":17},"end":{"line":117,"column":58}},"36":{"start":{"line":123,"column":4},"end":{"line":143,"column":7}},"37":{"start":{"line":124,"column":33},"end":{"line":124,"column":null}},"38":{"start":{"line":126,"column":6},"end":{"line":131,"column":9}},"39":{"start":{"line":127,"column":8},"end":{"line":131,"column":9}},"40":{"start":{"line":128,"column":10},"end":{"line":128,"column":null}},"41":{"start":{"line":130,"column":10},"end":{"line":130,"column":null}},"42":{"start":{"line":132,"column":7},"end":{"line":139,"column":7}},"43":{"start":{"line":138,"column":8},"end":{"line":138,"column":null}},"44":{"start":{"line":139,"column":7},"end":{"line":143,"column":7}},"45":{"start":{"line":142,"column":8},"end":{"line":142,"column":null}},"46":{"start":{"line":144,"column":5},"end":{"line":152,"column":5}},"47":{"start":{"line":151,"column":6},"end":{"line":151,"column":null}},"48":{"start":{"line":151,"column":39},"end":{"line":151,"column":null}},"49":{"start":{"line":155,"column":2},"end":{"line":155,"column":null}},"50":{"start":{"line":159,"column":40},"end":{"line":159,"column":null}},"51":{"start":{"line":161,"column":32},"end":{"line":161,"column":65}},"52":{"start":{"line":162,"column":2},"end":{"line":186,"column":null}},"53":{"start":{"line":166,"column":23},"end":{"line":166,"column":75}},"54":{"start":{"line":167,"column":18},"end":{"line":167,"column":null}},"55":{"start":{"line":169,"column":43},"end":{"line":169,"column":73}},"56":{"start":{"line":172,"column":25},"end":{"line":172,"column":null}},"57":{"start":{"line":173,"column":4},"end":{"line":177,"column":5}},"58":{"start":{"line":174,"column":6},"end":{"line":175,"column":null}},"59":{"start":{"line":175,"column":8},"end":{"line":175,"column":null}},"60":{"start":{"line":177,"column":5},"end":{"line":182,"column":null}},"61":{"start":{"line":185,"column":4},"end":{"line":185,"column":null}},"62":{"start":{"line":193,"column":31},"end":{"line":199,"column":null}},"63":{"start":{"line":195,"column":24},"end":{"line":195,"column":null}},"64":{"start":{"line":197,"column":6},"end":{"line":197,"column":null}},"65":{"start":{"line":199,"column":19},"end":{"line":199,"column":null}},"66":{"start":{"line":213,"column":19},"end":{"line":279,"column":null}},"67":{"start":{"line":214,"column":35},"end":{"line":214,"column":null}},"68":{"start":{"line":227,"column":21},"end":{"line":267,"column":null}},"69":{"start":{"line":229,"column":8},"end":{"line":265,"column":9}},"70":{"start":{"line":235,"column":10},"end":{"line":235,"column":null}},"71":{"start":{"line":235,"column":39},"end":{"line":235,"column":null}},"72":{"start":{"line":237,"column":37},"end":{"line":237,"column":39}},"73":{"start":{"line":239,"column":10},"end":{"line":248,"column":13}},"74":{"start":{"line":240,"column":12},"end":{"line":242,"column":13}},"75":{"start":{"line":241,"column":14},"end":{"line":241,"column":null}},"76":{"start":{"line":242,"column":13},"end":{"line":248,"column":13}},"77":{"start":{"line":244,"column":14},"end":{"line":247,"column":null}},"78":{"start":{"line":246,"column":16},"end":{"line":246,"column":null}},"79":{"start":{"line":251,"column":10},"end":{"line":252,"column":49}},"80":{"start":{"line":252,"column":12},"end":{"line":252,"column":49}},"81":{"start":{"line":253,"column":11},"end":{"line":254,"column":null}},"82":{"start":{"line":255,"column":15},"end":{"line":265,"column":9}},"83":{"start":{"line":259,"column":10},"end":{"line":259,"column":null}},"84":{"start":{"line":264,"column":10},"end":{"line":264,"column":null}},"85":{"start":{"line":267,"column":21},"end":{"line":267,"column":null}},"86":{"start":{"line":275,"column":4},"end":{"line":276,"column":43}},"87":{"start":{"line":276,"column":6},"end":{"line":276,"column":43}},"88":{"start":{"line":277,"column":5},"end":{"line":278,"column":null}},"89":{"start":{"line":281,"column":23},"end":{"line":281,"column":null}},"90":{"start":{"line":281,"column":46},"end":{"line":281,"column":57}},"91":{"start":{"line":283,"column":2},"end":{"line":283,"column":null}}},"fnMap":{"0":{"name":"(anonymous_0)","decl":{"start":{"line":18,"column":13},"end":{"line":18,"column":25}},"loc":{"start":{"line":18,"column":13},"end":{"line":18,"column":25}}},"1":{"name":"_interop_require_default","decl":{"start":{"line":3,"column":19},"end":{"line":3,"column":null}},"loc":{"start":{"line":3,"column":19},"end":{"line":3,"column":null}}},"2":{"name":"(anonymous_2)","decl":{"start":{"line":18,"column":25},"end":{"line":18,"column":32}},"loc":{"start":{"line":18,"column":78},"end":{"line":284,"column":null}}},"3":{"name":"(anonymous_3)","decl":{"start":{"line":32,"column":4},"end":{"line":32,"column":14}},"loc":{"start":{"line":32,"column":15},"end":{"line":32,"column":25}}},"4":{"name":"(anonymous_4)","decl":{"start":{"line":66,"column":27},"end":{"line":66,"column":28}},"loc":{"start":{"line":66,"column":77},"end":{"line":73,"column":null}}},"5":{"name":"(anonymous_5)","decl":{"start":{"line":105,"column":12},"end":{"line":105,"column":18}},"loc":{"start":{"line":105,"column":18},"end":{"line":105,"column":null}}},"6":{"name":"(anonymous_6)","decl":{"start":{"line":116,"column":28},"end":{"line":116,"column":29}},"loc":{"start":{"line":116,"column":62},"end":{"line":152,"column":5}}},"7":{"name":"(anonymous_7)","decl":{"start":{"line":151,"column":27},"end":{"line":151,"column":38}},"loc":{"start":{"line":151,"column":39},"end":{"line":151,"column":null}}},"8":{"name":"(anonymous_8)","decl":{"start":{"line":162,"column":32},"end":{"line":162,"column":43}},"loc":{"start":{"line":162,"column":44},"end":{"line":186,"column":null}}},"9":{"name":"(anonymous_9)","decl":{"start":{"line":174,"column":58},"end":{"line":175,"column":7}},"loc":{"start":{"line":175,"column":8},"end":{"line":175,"column":null}}},"10":{"name":"(anonymous_10)","decl":{"start":{"line":194,"column":9},"end":{"line":194,"column":19}},"loc":{"start":{"line":194,"column":20},"end":{"line":198,"column":null}}},"11":{"name":"(anonymous_11)","decl":{"start":{"line":199,"column":12},"end":{"line":199,"column":18}},"loc":{"start":{"line":199,"column":19},"end":{"line":199,"column":null}}},"12":{"name":"(anonymous_12)","decl":{"start":{"line":213,"column":44},"end":{"line":213,"column":59}},"loc":{"start":{"line":213,"column":60},"end":{"line":279,"column":null}}},"13":{"name":"(anonymous_13)","decl":{"start":{"line":228,"column":11},"end":{"line":228,"column":17}},"loc":{"start":{"line":228,"column":18},"end":{"line":265,"column":9}}},"14":{"name":"(anonymous_14)","decl":{"start":{"line":239,"column":26},"end":{"line":239,"column":32}},"loc":{"start":{"line":239,"column":33},"end":{"line":248,"column":13}}},"15":{"name":"(anonymous_15)","decl":{"start":{"line":244,"column":24},"end":{"line":244,"column":31}},"loc":{"start":{"line":244,"column":32},"end":{"line":247,"column":null}}},"16":{"name":"(anonymous_16)","decl":{"start":{"line":267,"column":14},"end":{"line":267,"column":20}},"loc":{"start":{"line":267,"column":21},"end":{"line":267,"column":null}}},"17":{"name":"(anonymous_17)","decl":{"start":{"line":281,"column":39},"end":{"line":281,"column":45}},"loc":{"start":{"line":281,"column":46},"end":{"line":281,"column":57}}}},"branchMap":{"0":{"loc":{"start":{"line":3,"column":19},"end":{"line":3,"column":null}},"type":"cond-expr","locations":[{"start":{"line":3,"column":19},"end":{"line":3,"column":null}},{"start":{"line":3,"column":19},"end":{"line":3,"column":null}}]},"1":{"loc":{"start":{"line":23,"column":2},"end":{"line":25,"column":15}},"type":"if","locations":[{"start":{"line":23,"column":2},"end":{"line":25,"column":15}}]},"2":{"loc":{"start":{"line":36,"column":8},"end":{"line":36,"column":38}},"type":"binary-expr","locations":[{"start":{"line":36,"column":8},"end":{"line":36,"column":32}},{"start":{"line":36,"column":36},"end":{"line":36,"column":38}}]},"3":{"loc":{"start":{"line":37,"column":8},"end":{"line":37,"column":27}},"type":"binary-expr","locations":[{"start":{"line":37,"column":8},"end":{"line":37,"column":21}},{"start":{"line":37,"column":25},"end":{"line":37,"column":27}}]},"4":{"loc":{"start":{"line":38,"column":8},"end":{"line":38,"column":36}},"type":"binary-expr","locations":[{"start":{"line":38,"column":8},"end":{"line":38,"column":34}},{"start":{"line":38,"column":34},"end":{"line":38,"column":36}}]},"5":{"loc":{"start":{"line":42,"column":2},"end":{"line":44,"column":15}},"type":"if","locations":[{"start":{"line":42,"column":2},"end":{"line":44,"column":15}}]},"6":{"loc":{"start":{"line":49,"column":2},"end":{"line":53,"column":6}},"type":"if","locations":[{"start":{"line":49,"column":2},"end":{"line":53,"column":6}}]},"7":{"loc":{"start":{"line":67,"column":4},"end":{"line":67,"column":null}},"type":"if","locations":[{"start":{"line":67,"column":4},"end":{"line":67,"column":null}}]},"8":{"loc":{"start":{"line":76,"column":4},"end":{"line":78,"column":5}},"type":"if","locations":[{"start":{"line":76,"column":4},"end":{"line":78,"column":5}}]},"9":{"loc":{"start":{"line":76,"column":8},"end":{"line":76,"column":71}},"type":"binary-expr","locations":[{"start":{"line":76,"column":8},"end":{"line":76,"column":42}},{"start":{"line":76,"column":42},"end":{"line":76,"column":71}}]},"10":{"loc":{"start":{"line":86,"column":2},"end":{"line":88,"column":15}},"type":"if","locations":[{"start":{"line":86,"column":2},"end":{"line":88,"column":15}}]},"11":{"loc":{"start":{"line":86,"column":6},"end":{"line":86,"column":66}},"type":"binary-expr","locations":[{"start":{"line":86,"column":6},"end":{"line":86,"column":33}},{"start":{"line":86,"column":37},"end":{"line":86,"column":66}}]},"12":{"loc":{"start":{"line":116,"column":48},"end":{"line":116,"column":57}},"type":"default-arg","locations":[{"start":{"line":116,"column":56},"end":{"line":116,"column":57}}]},"13":{"loc":{"start":{"line":117,"column":17},"end":{"line":117,"column":58}},"type":"cond-expr","locations":[{"start":{"line":117,"column":29},"end":{"line":117,"column":45}},{"start":{"line":117,"column":45},"end":{"line":117,"column":58}}]},"14":{"loc":{"start":{"line":123,"column":4},"end":{"line":143,"column":7}},"type":"if","locations":[{"start":{"line":123,"column":4},"end":{"line":143,"column":7}}]},"15":{"loc":{"start":{"line":126,"column":6},"end":{"line":131,"column":9}},"type":"if","locations":[{"start":{"line":126,"column":6},"end":{"line":131,"column":9}}]},"16":{"loc":{"start":{"line":126,"column":10},"end":{"line":126,"column":72}},"type":"binary-expr","locations":[{"start":{"line":126,"column":10},"end":{"line":126,"column":36}},{"start":{"line":126,"column":36},"end":{"line":126,"column":72}}]},"17":{"loc":{"start":{"line":127,"column":8},"end":{"line":131,"column":9}},"type":"if","locations":[{"start":{"line":127,"column":8},"end":{"line":131,"column":9}},{"start":{"line":129,"column":15},"end":{"line":131,"column":9}}]},"18":{"loc":{"start":{"line":132,"column":7},"end":{"line":139,"column":7}},"type":"if","locations":[{"start":{"line":132,"column":7},"end":{"line":139,"column":7}}]},"19":{"loc":{"start":{"line":135,"column":8},"end":{"line":136,"column":null}},"type":"binary-expr","locations":[{"start":{"line":135,"column":8},"end":{"line":135,"column":null}},{"start":{"line":136,"column":8},"end":{"line":136,"column":null}}]},"20":{"loc":{"start":{"line":139,"column":7},"end":{"line":143,"column":7}},"type":"if","locations":[{"start":{"line":139,"column":7},"end":{"line":143,"column":7}}]},"21":{"loc":{"start":{"line":144,"column":5},"end":{"line":152,"column":5}},"type":"if","locations":[{"start":{"line":144,"column":5},"end":{"line":152,"column":5}}]},"22":{"loc":{"start":{"line":173,"column":4},"end":{"line":177,"column":5}},"type":"if","locations":[{"start":{"line":173,"column":4},"end":{"line":177,"column":5}}]},"23":{"loc":{"start":{"line":173,"column":8},"end":{"line":173,"column":68}},"type":"binary-expr","locations":[{"start":{"line":173,"column":8},"end":{"line":173,"column":40}},{"start":{"line":173,"column":40},"end":{"line":173,"column":68}}]},"24":{"loc":{"start":{"line":182,"column":6},"end":{"line":182,"column":null}},"type":"binary-expr","locations":[{"start":{"line":182,"column":6},"end":{"line":182,"column":20}},{"start":{"line":182,"column":20},"end":{"line":182,"column":null}}]},"25":{"loc":{"start":{"line":229,"column":8},"end":{"line":265,"column":9}},"type":"if","locations":[{"start":{"line":229,"column":8},"end":{"line":265,"column":9}},{"start":{"line":255,"column":15},"end":{"line":265,"column":9}}]},"26":{"loc":{"start":{"line":235,"column":10},"end":{"line":235,"column":null}},"type":"if","locations":[{"start":{"line":235,"column":10},"end":{"line":235,"column":null}}]},"27":{"loc":{"start":{"line":240,"column":12},"end":{"line":242,"column":13}},"type":"if","locations":[{"start":{"line":240,"column":12},"end":{"line":242,"column":13}}]},"28":{"loc":{"start":{"line":242,"column":13},"end":{"line":248,"column":13}},"type":"if","locations":[{"start":{"line":242,"column":13},"end":{"line":248,"column":13}}]},"29":{"loc":{"start":{"line":251,"column":10},"end":{"line":252,"column":49}},"type":"if","locations":[{"start":{"line":251,"column":10},"end":{"line":252,"column":49}}]},"30":{"loc":{"start":{"line":251,"column":14},"end":{"line":251,"column":57}},"type":"binary-expr","locations":[{"start":{"line":251,"column":14},"end":{"line":251,"column":36}},{"start":{"line":251,"column":36},"end":{"line":251,"column":57}}]},"31":{"loc":{"start":{"line":255,"column":15},"end":{"line":265,"column":9}},"type":"if","locations":[{"start":{"line":255,"column":15},"end":{"line":265,"column":9}},{"start":{"line":260,"column":15},"end":{"line":265,"column":9}}]},"32":{"loc":{"start":{"line":275,"column":4},"end":{"line":276,"column":43}},"type":"if","locations":[{"start":{"line":275,"column":4},"end":{"line":276,"column":43}}]},"33":{"loc":{"start":{"line":275,"column":8},"end":{"line":275,"column":70}},"type":"binary-expr","locations":[{"start":{"line":275,"column":8},"end":{"line":275,"column":49}},{"start":{"line":275,"column":49},"end":{"line":275,"column":70}}]}},"s":{"0":18,"1":3,"2":3,"3":6,"4":3,"5":12,"6":7,"7":5,"8":0,"9":5,"10":5,"11":3,"12":2,"13":2,"14":0,"15":2,"16":2,"17":5,"18":1,"19":4,"20":4,"21":0,"22":2,"23":2,"24":1,"25":2,"26":2,"27":0,"28":0,"29":2,"30":0,"31":0,"32":2,"33":2,"34":2,"35":10,"36":10,"37":7,"38":7,"39":2,"40":1,"41":1,"42":7,"43":3,"44":7,"45":0,"46":10,"47":3,"48":8,"49":2,"50":2,"51":2,"52":2,"53":6,"54":6,"55":6,"56":6,"57":6,"58":1,"59":2,"60":6,"61":6,"62":2,"63":8,"64":8,"65":8,"66":2,"67":5,"68":5,"69":10,"70":5,"71":0,"72":5,"73":5,"74":6,"75":5,"76":6,"77":1,"78":2,"79":5,"80":1,"81":4,"82":5,"83":1,"84":4,"85":10,"86":5,"87":1,"88":4,"89":2,"90":5,"91":2},"f":{"0":12,"1":6,"2":12,"3":0,"4":5,"5":0,"6":10,"7":8,"8":6,"9":2,"10":8,"11":8,"12":5,"13":10,"14":6,"15":2,"16":10,"17":5},"b":{"0":[6,12],"1":[7],"2":[5,3],"3":[5,3],"4":[5,3],"5":[3],"6":[0],"7":[1],"8":[1],"9":[2,1],"10":[0],"11":[2,1],"12":[2],"13":[6,4],"14":[7],"15":[2],"16":[7,3],"17":[1,1],"18":[3],"19":[7,4],"20":[0],"21":[3],"22":[1],"23":[6,1],"24":[6,5],"25":[5,5],"26":[0],"27":[5],"28":[1],"29":[1],"30":[5,1],"31":[1,4],"32":[1],"33":[5,2]}}
,"/home/default/package/src/lib/highlight.ts": {"path":"/home/default/package/src/lib/highlight.ts","statementMap":{"0":{"start":{"line":39,"column":13},"end":{"line":39,"column":28}},"1":{"start":{"line":39,"column":13},"end":{"line":1,"column":null}},"2":{"start":{"line":1,"column":19},"end":{"line":1,"column":null}},"3":{"start":{"line":39,"column":28},"end":{"line":97,"column":null}},"4":{"start":{"line":43,"column":2},"end":{"line":44,"column":15}},"5":{"start":{"line":44,"column":4},"end":{"line":44,"column":15}},"6":{"start":{"line":47,"column":20},"end":{"line":62,"column":null}},"7":{"start":{"line":48,"column":4},"end":{"line":62,"column":null}},"8":{"start":{"line":66,"column":20},"end":{"line":94,"column":null}},"9":{"start":{"line":67,"column":4},"end":{"line":67,"column":null}},"10":{"start":{"line":69,"column":4},"end":{"line":90,"column":7}},"11":{"start":{"line":70,"column":24},"end":{"line":70,"column":null}},"12":{"start":{"line":73,"column":6},"end":{"line":73,"column":null}},"13":{"start":{"line":75,"column":6},"end":{"line":90,"column":7}},"14":{"start":{"line":76,"column":8},"end":{"line":79,"column":26}},"15":{"start":{"line":83,"column":8},"end":{"line":88,"column":26}},"16":{"start":{"line":93,"column":4},"end":{"line":93,"column":null}},"17":{"start":{"line":96,"column":2},"end":{"line":96,"column":null}}},"fnMap":{"0":{"name":"(anonymous_0)","decl":{"start":{"line":39,"column":13},"end":{"line":39,"column":28}},"loc":{"start":{"line":39,"column":13},"end":{"line":39,"column":28}}},"1":{"name":"_interop_require_default","decl":{"start":{"line":1,"column":19},"end":{"line":1,"column":null}},"loc":{"start":{"line":1,"column":19},"end":{"line":1,"column":null}}},"2":{"name":"(anonymous_2)","decl":{"start":{"line":39,"column":28},"end":{"line":39,"column":29}},"loc":{"start":{"line":42,"column":21},"end":{"line":97,"column":null}}},"3":{"name":"(anonymous_3)","decl":{"start":{"line":47,"column":41},"end":{"line":48,"column":3}},"loc":{"start":{"line":48,"column":4},"end":{"line":62,"column":null}}},"4":{"name":"(anonymous_4)","decl":{"start":{"line":66,"column":20},"end":{"line":66,"column":38}},"loc":{"start":{"line":66,"column":39},"end":{"line":94,"column":null}}}},"branchMap":{"0":{"loc":{"start":{"line":1,"column":19},"end":{"line":1,"column":null}},"type":"cond-expr","locations":[{"start":{"line":1,"column":19},"end":{"line":1,"column":null}},{"start":{"line":1,"column":19},"end":{"line":1,"column":null}}]},"1":{"loc":{"start":{"line":40,"column":17},"end":{"line":40,"column":52}},"type":"default-arg","locations":[{"start":{"line":40,"column":50},"end":{"line":40,"column":52}}]},"2":{"loc":{"start":{"line":43,"column":2},"end":{"line":44,"column":15}},"type":"if","locations":[{"start":{"line":43,"column":2},"end":{"line":44,"column":15}}]},"3":{"loc":{"start":{"line":43,"column":6},"end":{"line":43,"column":66}},"type":"binary-expr","locations":[{"start":{"line":43,"column":6},"end":{"line":43,"column":27}},{"start":{"line":43,"column":27},"end":{"line":43,"column":47}},{"start":{"line":43,"column":47},"end":{"line":43,"column":66}}]},"4":{"loc":{"start":{"line":57,"column":6},"end":{"line":57,"column":null}},"type":"binary-expr","locations":[{"start":{"line":57,"column":6},"end":{"line":57,"column":18}},{"start":{"line":57,"column":18},"end":{"line":57,"column":null}}]},"5":{"loc":{"start":{"line":75,"column":6},"end":{"line":90,"column":7}},"type":"if","locations":[{"start":{"line":75,"column":6},"end":{"line":90,"column":7}},{"start":{"line":81,"column":13},"end":{"line":90,"column":7}}]},"6":{"loc":{"start":{"line":77,"column":17},"end":{"line":77,"column":79}},"type":"cond-expr","locations":[{"start":{"line":77,"column":52},"end":{"line":77,"column":63}},{"start":{"line":77,"column":77},"end":{"line":77,"column":79}}]}},"s":{"0":18,"1":3,"2":3,"3":3,"4":12,"5":9,"6":3,"7":7,"8":3,"9":2,"10":2,"11":4,"12":4,"13":4,"14":0,"15":4,"16":2,"17":3},"f":{"0":12,"1":3,"2":12,"3":7,"4":2},"b":{"0":[3,6],"1":[8],"2":[9],"3":[12,3,3],"4":[7,4],"5":[0,4],"6":[0,0]}}
,"/home/default/package/src/lib/pagination.ts": {"path":"/home/default/package/src/lib/pagination.ts","statementMap":{"0":{"start":{"line":8,"column":13},"end":{"line":8,"column":29}},"1":{"start":{"line":8,"column":29},"end":{"line":49,"column":null}},"2":{"start":{"line":9,"column":20},"end":{"line":20,"column":null}},"3":{"start":{"line":9,"column":79},"end":{"line":19,"column":7}},"4":{"start":{"line":22,"column":2},"end":{"line":34,"column":3}},"5":{"start":{"line":23,"column":4},"end":{"line":33,"column":null}},"6":{"start":{"line":36,"column":14},"end":{"line":39,"column":null}},"7":{"start":{"line":41,"column":2},"end":{"line":48,"column":null}}},"fnMap":{"0":{"name":"(anonymous_0)","decl":{"start":{"line":8,"column":13},"end":{"line":8,"column":29}},"loc":{"start":{"line":8,"column":13},"end":{"line":8,"column":29}}},"1":{"name":"(anonymous_1)","decl":{"start":{"line":8,"column":29},"end":{"line":8,"column":73}},"loc":{"start":{"line":8,"column":74},"end":{"line":49,"column":null}}},"2":{"name":"(anonymous_2)","decl":{"start":{"line":9,"column":20},"end":{"line":9,"column":21}},"loc":{"start":{"line":9,"column":79},"end":{"line":19,"column":7}}}},"branchMap":{"0":{"loc":{"start":{"line":12,"column":12},"end":{"line":12,"column":null}},"type":"binary-expr","locations":[{"start":{"line":12,"column":12},"end":{"line":12,"column":25}},{"start":{"line":12,"column":25},"end":{"line":12,"column":null}}]},"1":{"loc":{"start":{"line":14,"column":8},"end":{"line":14,"column":36}},"type":"binary-expr","locations":[{"start":{"line":14,"column":8},"end":{"line":14,"column":22}},{"start":{"line":14,"column":22},"end":{"line":14,"column":36}}]},"2":{"loc":{"start":{"line":16,"column":8},"end":{"line":19,"column":7}},"type":"binary-expr","locations":[{"start":{"line":16,"column":8},"end":{"line":16,"column":null}},{"start":{"line":17,"column":6},"end":{"line":17,"column":21}},{"start":{"line":17,"column":25},"end":{"line":19,"column":7}}]},"3":{"loc":{"start":{"line":22,"column":2},"end":{"line":34,"column":3}},"type":"if","locations":[{"start":{"line":22,"column":2},"end":{"line":34,"column":3}}]},"4":{"loc":{"start":{"line":26,"column":16},"end":{"line":26,"column":null}},"type":"binary-expr","locations":[{"start":{"line":26,"column":16},"end":{"line":26,"column":29}},{"start":{"line":26,"column":33},"end":{"line":26,"column":null}}]},"5":{"loc":{"start":{"line":30,"column":15},"end":{"line":30,"column":null}},"type":"binary-expr","locations":[{"start":{"line":30,"column":15},"end":{"line":30,"column":28}},{"start":{"line":30,"column":32},"end":{"line":30,"column":null}}]},"6":{"loc":{"start":{"line":37,"column":10},"end":{"line":37,"column":null}},"type":"binary-expr","locations":[{"start":{"line":37,"column":10},"end":{"line":37,"column":21}},{"start":{"line":37,"column":25},"end":{"line":37,"column":null}}]},"7":{"loc":{"start":{"line":38,"column":17},"end":{"line":38,"column":null}},"type":"binary-expr","locations":[{"start":{"line":38,"column":17},"end":{"line":38,"column":35}},{"start":{"line":38,"column":39},"end":{"line":38,"column":null}}]}},"s":{"0":22,"1":3,"2":16,"3":13,"4":16,"5":2,"6":14,"7":14},"f":{"0":16,"1":16,"2":13},"b":{"0":[13,0],"1":[13,0],"2":[13,13,12],"3":[2],"4":[2,1],"5":[2,1],"6":[14,6],"7":[14,13]}}
,"/home/default/package/src/lib/sort.ts": {"path":"/home/default/package/src/lib/sort.ts","statementMap":{"0":{"start":{"line":3,"column":13},"end":{"line":3,"column":31}},"1":{"start":{"line":3,"column":13},"end":{"line":1,"column":null}},"2":{"start":{"line":1,"column":19},"end":{"line":1,"column":null}},"3":{"start":{"line":3,"column":31},"end":{"line":37,"column":null}},"4":{"start":{"line":9,"column":31},"end":{"line":9,"column":null}},"5":{"start":{"line":11,"column":2},"end":{"line":11,"column":null}},"6":{"start":{"line":11,"column":22},"end":{"line":11,"column":null}},"7":{"start":{"line":12,"column":2},"end":{"line":12,"column":null}},"8":{"start":{"line":12,"column":20},"end":{"line":12,"column":null}},"9":{"start":{"line":15,"column":15},"end":{"line":31,"column":null}},"10":{"start":{"line":19,"column":32},"end":{"line":19,"column":null}},"11":{"start":{"line":20,"column":6},"end":{"line":20,"column":38}},"12":{"start":{"line":20,"column":27},"end":{"line":20,"column":38}},"13":{"start":{"line":21,"column":26},"end":{"line":21,"column":48}},"14":{"start":{"line":22,"column":25},"end":{"line":22,"column":null}},"15":{"start":{"line":24,"column":6},"end":{"line":24,"column":null}},"16":{"start":{"line":24,"column":35},"end":{"line":24,"column":null}},"17":{"start":{"line":25,"column":6},"end":{"line":25,"column":null}},"18":{"start":{"line":25,"column":36},"end":{"line":25,"column":null}},"19":{"start":{"line":26,"column":6},"end":{"line":26,"column":null}},"20":{"start":{"line":26,"column":44},"end":{"line":26,"column":null}},"21":{"start":{"line":27,"column":6},"end":{"line":27,"column":null}},"22":{"start":{"line":27,"column":43},"end":{"line":27,"column":null}},"23":{"start":{"line":28,"column":6},"end":{"line":28,"column":null}},"24":{"start":{"line":30,"column":19},"end":{"line":30,"column":null}},"25":{"start":{"line":33,"column":2},"end":{"line":35,"column":57}}},"fnMap":{"0":{"name":"(anonymous_0)","decl":{"start":{"line":3,"column":13},"end":{"line":3,"column":31}},"loc":{"start":{"line":3,"column":13},"end":{"line":3,"column":31}}},"1":{"name":"_interop_require_default","decl":{"start":{"line":1,"column":19},"end":{"line":1,"column":null}},"loc":{"start":{"line":1,"column":19},"end":{"line":1,"column":null}}},"2":{"name":"(anonymous_2)","decl":{"start":{"line":3,"column":31},"end":{"line":8,"column":4}},"loc":{"start":{"line":8,"column":5},"end":{"line":37,"column":null}}},"3":{"name":"(anonymous_3)","decl":{"start":{"line":18,"column":10},"end":{"line":18,"column":19}},"loc":{"start":{"line":18,"column":20},"end":{"line":29,"column":null}}},"4":{"name":"(anonymous_4)","decl":{"start":{"line":30,"column":12},"end":{"line":30,"column":18}},"loc":{"start":{"line":30,"column":19},"end":{"line":30,"column":null}}}},"branchMap":{"0":{"loc":{"start":{"line":1,"column":19},"end":{"line":1,"column":null}},"type":"cond-expr","locations":[{"start":{"line":1,"column":19},"end":{"line":1,"column":null}},{"start":{"line":1,"column":19},"end":{"line":1,"column":null}}]},"1":{"loc":{"start":{"line":11,"column":2},"end":{"line":11,"column":null}},"type":"if","locations":[{"start":{"line":11,"column":2},"end":{"line":11,"column":null}}]},"2":{"loc":{"start":{"line":12,"column":2},"end":{"line":12,"column":null}},"type":"if","locations":[{"start":{"line":12,"column":2},"end":{"line":12,"column":null}}]},"3":{"loc":{"start":{"line":20,"column":6},"end":{"line":20,"column":38}},"type":"if","locations":[{"start":{"line":20,"column":6},"end":{"line":20,"column":38}}]},"4":{"loc":{"start":{"line":24,"column":6},"end":{"line":24,"column":null}},"type":"if","locations":[{"start":{"line":24,"column":6},"end":{"line":24,"column":null}}]},"5":{"loc":{"start":{"line":25,"column":6},"end":{"line":25,"column":null}},"type":"if","locations":[{"start":{"line":25,"column":6},"end":{"line":25,"column":null}}]},"6":{"loc":{"start":{"line":26,"column":6},"end":{"line":26,"column":null}},"type":"if","locations":[{"start":{"line":26,"column":6},"end":{"line":26,"column":null}}]},"7":{"loc":{"start":{"line":27,"column":6},"end":{"line":27,"column":null}},"type":"if","locations":[{"start":{"line":27,"column":6},"end":{"line":27,"column":null}}]},"8":{"loc":{"start":{"line":35,"column":18},"end":{"line":35,"column":57}},"type":"cond-expr","locations":[{"start":{"line":35,"column":34},"end":{"line":35,"column":39}},{"start":{"line":35,"column":39},"end":{"line":35,"column":57}}]}},"s":{"0":23,"1":3,"2":3,"3":3,"4":17,"5":17,"6":1,"7":16,"8":9,"9":7,"10":9,"11":9,"12":0,"13":9,"14":9,"15":9,"16":4,"17":9,"18":4,"19":9,"20":0,"21":9,"22":1,"23":9,"24":9,"25":7},"f":{"0":17,"1":3,"2":17,"3":9,"4":9},"b":{"0":[3,6],"1":[1],"2":[9],"3":[0],"4":[4],"5":[4],"6":[0],"7":[1],"8":[0,7]}}
,"/home/default/package/src/lib/utils.ts": {"path":"/home/default/package/src/lib/utils.ts","statementMap":{"0":{"start":{"line":12,"column":16},"end":{"line":12,"column":23}},"1":{"start":{"line":12,"column":16},"end":{"line":36,"column":20}},"2":{"start":{"line":29,"column":13},"end":{"line":29,"column":23}},"3":{"start":{"line":36,"column":16},"end":{"line":36,"column":20}},"4":{"start":{"line":16,"column":14},"end":{"line":16,"column":null}},"5":{"start":{"line":17,"column":2},"end":{"line":24,"column":5}},"6":{"start":{"line":18,"column":16},"end":{"line":18,"column":null}},"7":{"start":{"line":19,"column":23},"end":{"line":19,"column":null}},"8":{"start":{"line":20,"column":4},"end":{"line":24,"column":5}},"9":{"start":{"line":21,"column":6},"end":{"line":21,"column":null}},"10":{"start":{"line":23,"column":6},"end":{"line":23,"column":null}},"11":{"start":{"line":26,"column":2},"end":{"line":26,"column":null}},"12":{"start":{"line":29,"column":26},"end":{"line":30,"column":null}},"13":{"start":{"line":30,"column":2},"end":{"line":30,"column":null}},"14":{"start":{"line":30,"column":21},"end":{"line":30,"column":27}},"15":{"start":{"line":40,"column":14},"end":{"line":40,"column":null}},"16":{"start":{"line":41,"column":2},"end":{"line":42,"column":19}},"17":{"start":{"line":42,"column":4},"end":{"line":42,"column":19}},"18":{"start":{"line":44,"column":2},"end":{"line":44,"column":null}}},"fnMap":{"0":{"name":"_export","decl":{"start":{"line":12,"column":16},"end":{"line":12,"column":23}},"loc":{"start":{"line":12,"column":16},"end":{"line":12,"column":23}}},"1":{"name":"(anonymous_1)","decl":{"start":{"line":12,"column":23},"end":{"line":12,"column":null}},"loc":{"start":{"line":12,"column":16},"end":{"line":12,"column":23}}},"2":{"name":"(anonymous_2)","decl":{"start":{"line":29,"column":23},"end":{"line":29,"column":26}},"loc":{"start":{"line":29,"column":13},"end":{"line":29,"column":23}}},"3":{"name":"(anonymous_3)","decl":{"start":{"line":36,"column":20},"end":{"line":36,"column":null}},"loc":{"start":{"line":36,"column":16},"end":{"line":36,"column":20}}},"4":{"name":"(anonymous_5)","decl":{"start":{"line":17,"column":15},"end":{"line":17,"column":24}},"loc":{"start":{"line":17,"column":25},"end":{"line":24,"column":5}}},"5":{"name":"(anonymous_6)","decl":{"start":{"line":29,"column":26},"end":{"line":29,"column":27}},"loc":{"start":{"line":30,"column":2},"end":{"line":30,"column":null}}},"6":{"name":"(anonymous_7)","decl":{"start":{"line":30,"column":14},"end":{"line":30,"column":20}},"loc":{"start":{"line":30,"column":21},"end":{"line":30,"column":27}}},"7":{"name":"pick","decl":{"start":{"line":36,"column":16},"end":{"line":36,"column":20}},"loc":{"start":{"line":39,"column":14},"end":{"line":45,"column":null}}}},"branchMap":{"0":{"loc":{"start":{"line":20,"column":4},"end":{"line":24,"column":5}},"type":"if","locations":[{"start":{"line":20,"column":4},"end":{"line":24,"column":5}},{"start":{"line":22,"column":11},"end":{"line":24,"column":5}}]}},"s":{"0":10,"1":2,"2":0,"3":15,"4":0,"5":0,"6":0,"7":0,"8":0,"9":0,"10":0,"11":0,"12":2,"13":0,"14":0,"15":15,"16":15,"17":56,"18":15},"f":{"0":2,"1":0,"2":0,"3":15,"4":0,"5":0,"6":0,"7":15},"b":{"0":[0,0]}}
}
