{"/home/default/package/scripts/create-index.ts": {"path":"/home/default/package/scripts/create-index.ts","statementMap":{"0":{"start":{"line":13,"column":22},"end":{"line":13,"column":42}},"1":{"start":{"line":13,"column":22},"end":{"line":56,"column":40}},"2":{"start":{"line":56,"column":22},"end":{"line":56,"column":40}},"3":{"start":{"line":56,"column":22},"end":{"line":1,"column":null}},"4":{"start":{"line":1,"column":16},"end":{"line":3,"column":null}},"5":{"start":{"line":3,"column":19},"end":{"line":5,"column":null}},"6":{"start":{"line":5,"column":61},"end":{"line":7,"column":null}},"7":{"start":{"line":7,"column":44},"end":{"line":7,"column":null}},"8":{"start":{"line":2,"column":19},"end":{"line":2,"column":22}},"9":{"start":{"line":18,"column":20},"end":{"line":18,"column":49}},"10":{"start":{"line":21,"column":27},"end":{"line":21,"column":null}},"11":{"start":{"line":23,"column":17},"end":{"line":23,"column":null}},"12":{"start":{"line":24,"column":2},"end":{"line":24,"column":null}},"13":{"start":{"line":26,"column":22},"end":{"line":26,"column":null}},"14":{"start":{"line":28,"column":18},"end":{"line":30,"column":null}},"15":{"start":{"line":29,"column":16},"end":{"line":29,"column":null}},"16":{"start":{"line":32,"column":20},"end":{"line":37,"column":null}},"17":{"start":{"line":39,"column":2},"end":{"line":39,"column":null}},"18":{"start":{"line":41,"column":19},"end":{"line":45,"column":null}},"19":{"start":{"line":47,"column":2},"end":{"line":47,"column":null}},"20":{"start":{"line":49,"column":2},"end":{"line":49,"column":null}},"21":{"start":{"line":57,"column":20},"end":{"line":57,"column":49}},"22":{"start":{"line":59,"column":17},"end":{"line":59,"column":null}},"23":{"start":{"line":60,"column":2},"end":{"line":60,"column":null}},"24":{"start":{"line":62,"column":19},"end":{"line":62,"column":null}},"25":{"start":{"line":63,"column":2},"end":{"line":63,"column":null}},"26":{"start":{"line":65,"column":20},"end":{"line":68,"column":null}},"27":{"start":{"line":70,"column":2},"end":{"line":70,"column":null}},"28":{"start":{"line":72,"column":2},"end":{"line":72,"column":null}},"29":{"start":{"line":80,"column":20},"end":{"line":84,"column":1}},"30":{"start":{"line":86,"column":0},"end":{"line":96,"column":1}},"31":{"start":{"line":87,"column":20},"end":{"line":87,"column":48}},"32":{"start":{"line":88,"column":2},"end":{"line":88,"column":null}},"33":{"start":{"line":88,"column":26},"end":{"line":88,"column":null}},"34":{"start":{"line":89,"column":2},"end":{"line":95,"column":null}},"35":{"start":{"line":91,"column":4},"end":{"line":93,"column":10}},"36":{"start":{"line":93,"column":4},"end":{"line":93,"column":null}},"37":{"start":{"line":94,"column":4},"end":{"line":94,"column":null}},"38":{"start":{"line":96,"column":1},"end":{"line":108,"column":1}},"39":{"start":{"line":99,"column":20},"end":{"line":99,"column":48}},"40":{"start":{"line":100,"column":2},"end":{"line":100,"column":null}},"41":{"start":{"line":100,"column":26},"end":{"line":100,"column":null}},"42":{"start":{"line":101,"column":2},"end":{"line":107,"column":null}},"43":{"start":{"line":103,"column":4},"end":{"line":105,"column":10}},"44":{"start":{"line":105,"column":4},"end":{"line":105,"column":null}},"45":{"start":{"line":106,"column":4},"end":{"line":106,"column":null}}},"fnMap":{"0":{"name":"_export","decl":{"start":{"line":13,"column":22},"end":{"line":13,"column":42}},"loc":{"start":{"line":13,"column":22},"end":{"line":13,"column":42}}},"1":{"name":"(anonymous_1)","decl":{"start":{"line":13,"column":42},"end":{"line":13,"column":43}},"loc":{"start":{"line":13,"column":22},"end":{"line":13,"column":42}}},"2":{"name":"(anonymous_2)","decl":{"start":{"line":56,"column":40},"end":{"line":56,"column":41}},"loc":{"start":{"line":56,"column":22},"end":{"line":56,"column":40}}},"3":{"name":"_interop_require_default","decl":{"start":{"line":7,"column":44},"end":{"line":7,"column":null}},"loc":{"start":{"line":7,"column":44},"end":{"line":7,"column":null}}},"4":{"name":"(anonymous_5)","decl":{"start":{"line":29,"column":9},"end":{"line":29,"column":15}},"loc":{"start":{"line":29,"column":16},"end":{"line":29,"column":null}}},"5":{"name":"dropColumnAndIndex","decl":{"start":{"line":56,"column":22},"end":{"line":56,"column":40}},"loc":{"start":{"line":56,"column":79},"end":{"line":73,"column":null}}},"6":{"name":"(anonymous_7)","decl":{"start":{"line":89,"column":3},"end":{"line":89,"column":15}},"loc":{"start":{"line":89,"column":15},"end":{"line":95,"column":null}}},"7":{"name":"(anonymous_8)","decl":{"start":{"line":101,"column":3},"end":{"line":101,"column":15}},"loc":{"start":{"line":101,"column":15},"end":{"line":107,"column":null}}}},"branchMap":{"0":{"loc":{"start":{"line":7,"column":44},"end":{"line":7,"column":null}},"type":"cond-expr","locations":[{"start":{"line":7,"column":44},"end":{"line":7,"column":null}},{"start":{"line":7,"column":44},"end":{"line":7,"column":null}}]},"1":{"loc":{"start":{"line":86,"column":0},"end":{"line":96,"column":1}},"type":"if","locations":[{"start":{"line":86,"column":0},"end":{"line":96,"column":1}}]},"2":{"loc":{"start":{"line":88,"column":2},"end":{"line":88,"column":null}},"type":"if","locations":[{"start":{"line":88,"column":2},"end":{"line":88,"column":null}}]},"3":{"loc":{"start":{"line":96,"column":1},"end":{"line":108,"column":1}},"type":"if","locations":[{"start":{"line":96,"column":1},"end":{"line":108,"column":1}}]},"4":{"loc":{"start":{"line":100,"column":2},"end":{"line":100,"column":null}},"type":"if","locations":[{"start":{"line":100,"column":2},"end":{"line":100,"column":null}}]}},"s":{"0":12,"1":1,"2":0,"3":1,"4":1,"5":1,"6":1,"7":2,"8":1,"9":8,"10":8,"11":8,"12":8,"13":8,"14":8,"15":16,"16":8,"17":8,"18":8,"19":8,"20":8,"21":0,"22":0,"23":0,"24":0,"25":0,"26":0,"27":0,"28":0,"29":1,"30":1,"31":0,"32":0,"33":0,"34":0,"35":0,"36":0,"37":0,"38":1,"39":0,"40":0,"41":0,"42":0,"43":0,"44":0,"45":0},"f":{"0":9,"1":8,"2":0,"3":2,"4":16,"5":0,"6":0,"7":0},"b":{"0":[2,4],"1":[0],"2":[0],"3":[0],"4":[0]}}
,"/home/default/package/scripts/lib.ts": {"path":"/home/default/package/scripts/lib.ts","statementMap":{"0":{"start":{"line":16,"column":13},"end":{"line":16,"column":33}},"1":{"start":{"line":16,"column":13},"end":{"line":120,"column":25}},"2":{"start":{"line":32,"column":13},"end":{"line":32,"column":27}},"3":{"start":{"line":50,"column":13},"end":{"line":50,"column":32}},"4":{"start":{"line":87,"column":22},"end":{"line":87,"column":45}},"5":{"start":{"line":108,"column":13},"end":{"line":108,"column":28}},"6":{"start":{"line":120,"column":13},"end":{"line":120,"column":25}},"7":{"start":{"line":120,"column":13},"end":{"line":2,"column":null}},"8":{"start":{"line":2,"column":18},"end":{"line":3,"column":null}},"9":{"start":{"line":3,"column":15},"end":{"line":4,"column":null}},"10":{"start":{"line":4,"column":23},"end":{"line":5,"column":null}},"11":{"start":{"line":5,"column":25},"end":{"line":6,"column":null}},"12":{"start":{"line":6,"column":17},"end":{"line":8,"column":null}},"13":{"start":{"line":8,"column":16},"end":{"line":10,"column":null}},"14":{"start":{"line":10,"column":19},"end":{"line":10,"column":null}},"15":{"start":{"line":9,"column":19},"end":{"line":9,"column":22}},"16":{"start":{"line":16,"column":36},"end":{"line":30,"column":null}},"17":{"start":{"line":17,"column":17},"end":{"line":17,"column":null}},"18":{"start":{"line":18,"column":2},"end":{"line":18,"column":null}},"19":{"start":{"line":19,"column":14},"end":{"line":19,"column":null}},"20":{"start":{"line":21,"column":2},"end":{"line":29,"column":null}},"21":{"start":{"line":22,"column":20},"end":{"line":22,"column":null}},"22":{"start":{"line":23,"column":4},"end":{"line":23,"column":42}},"23":{"start":{"line":23,"column":30},"end":{"line":23,"column":42}},"24":{"start":{"line":24,"column":4},"end":{"line":24,"column":15}},"25":{"start":{"line":26,"column":4},"end":{"line":26,"column":16}},"26":{"start":{"line":28,"column":4},"end":{"line":28,"column":null}},"27":{"start":{"line":32,"column":30},"end":{"line":48,"column":null}},"28":{"start":{"line":33,"column":17},"end":{"line":33,"column":null}},"29":{"start":{"line":34,"column":2},"end":{"line":34,"column":null}},"30":{"start":{"line":35,"column":14},"end":{"line":37,"column":null}},"31":{"start":{"line":39,"column":2},"end":{"line":47,"column":null}},"32":{"start":{"line":40,"column":20},"end":{"line":40,"column":null}},"33":{"start":{"line":41,"column":4},"end":{"line":41,"column":42}},"34":{"start":{"line":41,"column":30},"end":{"line":41,"column":42}},"35":{"start":{"line":42,"column":4},"end":{"line":42,"column":15}},"36":{"start":{"line":44,"column":4},"end":{"line":44,"column":16}},"37":{"start":{"line":46,"column":4},"end":{"line":46,"column":null}},"38":{"start":{"line":50,"column":35},"end":{"line":81,"column":null}},"39":{"start":{"line":55,"column":2},"end":{"line":61,"column":6}},"40":{"start":{"line":56,"column":4},"end":{"line":60,"column":null}},"41":{"start":{"line":65,"column":36},"end":{"line":68,"column":null}},"42":{"start":{"line":70,"column":2},"end":{"line":73,"column":6}},"43":{"start":{"line":71,"column":4},"end":{"line":72,"column":null}},"44":{"start":{"line":74,"column":3},"end":{"line":77,"column":54}},"45":{"start":{"line":77,"column":4},"end":{"line":77,"column":54}},"46":{"start":{"line":78,"column":3},"end":{"line":80,"column":null}},"47":{"start":{"line":92,"column":17},"end":{"line":92,"column":null}},"48":{"start":{"line":93,"column":2},"end":{"line":93,"column":null}},"49":{"start":{"line":94,"column":14},"end":{"line":97,"column":null}},"50":{"start":{"line":99,"column":15},"end":{"line":99,"column":null}},"51":{"start":{"line":100,"column":2},"end":{"line":100,"column":null}},"52":{"start":{"line":101,"column":2},"end":{"line":101,"column":null}},"53":{"start":{"line":101,"column":32},"end":{"line":101,"column":47}},"54":{"start":{"line":108,"column":31},"end":{"line":114,"column":null}},"55":{"start":{"line":109,"column":15},"end":{"line":109,"column":19}},"56":{"start":{"line":109,"column":19},"end":{"line":112,"column":null}},"57":{"start":{"line":111,"column":4},"end":{"line":111,"column":null}},"58":{"start":{"line":113,"column":2},"end":{"line":113,"column":null}},"59":{"start":{"line":120,"column":28},"end":{"line":162,"column":null}},"60":{"start":{"line":125,"column":2},"end":{"line":127,"column":3}},"61":{"start":{"line":126,"column":4},"end":{"line":126,"column":null}},"62":{"start":{"line":129,"column":27},"end":{"line":129,"column":49}},"63":{"start":{"line":131,"column":17},"end":{"line":131,"column":null}},"64":{"start":{"line":133,"column":18},"end":{"line":135,"column":null}},"65":{"start":{"line":137,"column":18},"end":{"line":159,"column":null}},"66":{"start":{"line":138,"column":4},"end":{"line":158,"column":null}},"67":{"start":{"line":139,"column":22},"end":{"line":139,"column":null}},"68":{"start":{"line":141,"column":6},"end":{"line":151,"column":7}},"69":{"start":{"line":146,"column":8},"end":{"line":146,"column":null}},"70":{"start":{"line":147,"column":13},"end":{"line":151,"column":7}},"71":{"start":{"line":148,"column":8},"end":{"line":148,"column":null}},"72":{"start":{"line":149,"column":13},"end":{"line":151,"column":7}},"73":{"start":{"line":150,"column":8},"end":{"line":150,"column":null}},"74":{"start":{"line":151,"column":7},"end":{"line":155,"column":12}},"75":{"start":{"line":155,"column":6},"end":{"line":155,"column":null}},"76":{"start":{"line":157,"column":6},"end":{"line":157,"column":null}},"77":{"start":{"line":161,"column":2},"end":{"line":161,"column":null}}},"fnMap":{"0":{"name":"_export","decl":{"start":{"line":16,"column":13},"end":{"line":16,"column":33}},"loc":{"start":{"line":16,"column":13},"end":{"line":16,"column":33}}},"1":{"name":"(anonymous_1)","decl":{"start":{"line":16,"column":33},"end":{"line":16,"column":36}},"loc":{"start":{"line":16,"column":13},"end":{"line":16,"column":33}}},"2":{"name":"(anonymous_2)","decl":{"start":{"line":32,"column":27},"end":{"line":32,"column":30}},"loc":{"start":{"line":32,"column":13},"end":{"line":32,"column":27}}},"3":{"name":"(anonymous_3)","decl":{"start":{"line":50,"column":32},"end":{"line":50,"column":35}},"loc":{"start":{"line":50,"column":13},"end":{"line":50,"column":32}}},"4":{"name":"(anonymous_4)","decl":{"start":{"line":87,"column":45},"end":{"line":87,"column":46}},"loc":{"start":{"line":87,"column":22},"end":{"line":87,"column":45}}},"5":{"name":"(anonymous_5)","decl":{"start":{"line":108,"column":28},"end":{"line":108,"column":31}},"loc":{"start":{"line":108,"column":13},"end":{"line":108,"column":28}}},"6":{"name":"(anonymous_6)","decl":{"start":{"line":120,"column":25},"end":{"line":120,"column":28}},"loc":{"start":{"line":120,"column":13},"end":{"line":120,"column":25}}},"7":{"name":"_interop_require_default","decl":{"start":{"line":10,"column":19},"end":{"line":10,"column":null}},"loc":{"start":{"line":10,"column":19},"end":{"line":10,"column":null}}},"8":{"name":"(anonymous_8)","decl":{"start":{"line":16,"column":36},"end":{"line":16,"column":48}},"loc":{"start":{"line":16,"column":48},"end":{"line":30,"column":null}}},"9":{"name":"(anonymous_9)","decl":{"start":{"line":32,"column":30},"end":{"line":32,"column":37}},"loc":{"start":{"line":32,"column":78},"end":{"line":48,"column":null}}},"10":{"name":"(anonymous_10)","decl":{"start":{"line":50,"column":35},"end":{"line":50,"column":42}},"loc":{"start":{"line":54,"column":6},"end":{"line":81,"column":null}}},"11":{"name":"getTextColumnsFromTable","decl":{"start":{"line":87,"column":22},"end":{"line":87,"column":45}},"loc":{"start":{"line":91,"column":3},"end":{"line":102,"column":null}}},"12":{"name":"(anonymous_12)","decl":{"start":{"line":101,"column":23},"end":{"line":101,"column":31}},"loc":{"start":{"line":101,"column":32},"end":{"line":101,"column":47}}},"13":{"name":"(anonymous_13)","decl":{"start":{"line":108,"column":31},"end":{"line":108,"column":38}},"loc":{"start":{"line":108,"column":57},"end":{"line":114,"column":null}}},"14":{"name":"(anonymous_14)","decl":{"start":{"line":110,"column":40},"end":{"line":110,"column":46}},"loc":{"start":{"line":110,"column":47},"end":{"line":112,"column":null}}},"15":{"name":"(anonymous_15)","decl":{"start":{"line":120,"column":28},"end":{"line":120,"column":null}},"loc":{"start":{"line":124,"column":5},"end":{"line":162,"column":null}}},"16":{"name":"(anonymous_16)","decl":{"start":{"line":137,"column":30},"end":{"line":137,"column":42}},"loc":{"start":{"line":137,"column":43},"end":{"line":159,"column":null}}},"17":{"name":"(anonymous_17)","decl":{"start":{"line":138,"column":27},"end":{"line":138,"column":34}},"loc":{"start":{"line":138,"column":47},"end":{"line":158,"column":null}}}},"branchMap":{"0":{"loc":{"start":{"line":10,"column":19},"end":{"line":10,"column":null}},"type":"cond-expr","locations":[{"start":{"line":10,"column":19},"end":{"line":10,"column":null}},{"start":{"line":10,"column":19},"end":{"line":10,"column":null}}]},"1":{"loc":{"start":{"line":23,"column":4},"end":{"line":23,"column":42}},"type":"if","locations":[{"start":{"line":23,"column":4},"end":{"line":23,"column":42}}]},"2":{"loc":{"start":{"line":41,"column":4},"end":{"line":41,"column":42}},"type":"if","locations":[{"start":{"line":41,"column":4},"end":{"line":41,"column":42}}]},"3":{"loc":{"start":{"line":55,"column":2},"end":{"line":61,"column":6}},"type":"if","locations":[{"start":{"line":55,"column":2},"end":{"line":61,"column":6}}]},"4":{"loc":{"start":{"line":70,"column":2},"end":{"line":73,"column":6}},"type":"if","locations":[{"start":{"line":70,"column":2},"end":{"line":73,"column":6}}]},"5":{"loc":{"start":{"line":74,"column":3},"end":{"line":77,"column":54}},"type":"if","locations":[{"start":{"line":74,"column":3},"end":{"line":77,"column":54}}]},"6":{"loc":{"start":{"line":80,"column":9},"end":{"line":80,"column":null}},"type":"binary-expr","locations":[{"start":{"line":80,"column":9},"end":{"line":80,"column":23}},{"start":{"line":80,"column":23},"end":{"line":80,"column":null}}]},"7":{"loc":{"start":{"line":123,"column":2},"end":{"line":123,"column":51}},"type":"default-arg","locations":[{"start":{"line":123,"column":49},"end":{"line":123,"column":51}}]},"8":{"loc":{"start":{"line":125,"column":2},"end":{"line":127,"column":3}},"type":"if","locations":[{"start":{"line":125,"column":2},"end":{"line":127,"column":3}}]},"9":{"loc":{"start":{"line":125,"column":6},"end":{"line":125,"column":55}},"type":"binary-expr","locations":[{"start":{"line":125,"column":6},"end":{"line":125,"column":23}},{"start":{"line":125,"column":23},"end":{"line":125,"column":55}}]},"10":{"loc":{"start":{"line":141,"column":6},"end":{"line":151,"column":7}},"type":"if","locations":[{"start":{"line":141,"column":6},"end":{"line":151,"column":7}},{"start":{"line":147,"column":13},"end":{"line":151,"column":7}}]},"11":{"loc":{"start":{"line":142,"column":8},"end":{"line":144,"column":63}},"type":"binary-expr","locations":[{"start":{"line":142,"column":8},"end":{"line":142,"column":null}},{"start":{"line":143,"column":8},"end":{"line":143,"column":null}},{"start":{"line":144,"column":8},"end":{"line":144,"column":63}}]},"12":{"loc":{"start":{"line":147,"column":13},"end":{"line":151,"column":7}},"type":"if","locations":[{"start":{"line":147,"column":13},"end":{"line":151,"column":7}},{"start":{"line":149,"column":13},"end":{"line":151,"column":7}}]},"13":{"loc":{"start":{"line":149,"column":13},"end":{"line":151,"column":7}},"type":"if","locations":[{"start":{"line":149,"column":13},"end":{"line":151,"column":7}}]},"14":{"loc":{"start":{"line":153,"column":36},"end":{"line":153,"column":64}},"type":"cond-expr","locations":[{"start":{"line":153,"column":48},"end":{"line":153,"column":59}},{"start":{"line":153,"column":62},"end":{"line":153,"column":64}}]}},"s":{"0":8,"1":1,"2":0,"3":0,"4":8,"5":0,"6":0,"7":1,"8":1,"9":1,"10":1,"11":1,"12":1,"13":1,"14":6,"15":1,"16":1,"17":0,"18":0,"19":0,"20":0,"21":0,"22":0,"23":0,"24":0,"25":0,"26":0,"27":1,"28":0,"29":0,"30":0,"31":0,"32":0,"33":0,"34":0,"35":0,"36":0,"37":0,"38":1,"39":0,"40":0,"41":0,"42":0,"43":0,"44":0,"45":0,"46":0,"47":8,"48":8,"49":8,"50":8,"51":8,"52":8,"53":16,"54":1,"55":0,"56":0,"57":0,"58":0,"59":1,"60":0,"61":0,"62":0,"63":0,"64":0,"65":0,"66":0,"67":0,"68":0,"69":0,"70":0,"71":0,"72":0,"73":0,"74":0,"75":0,"76":0,"77":0},"f":{"0":1,"1":0,"2":0,"3":0,"4":8,"5":0,"6":0,"7":6,"8":0,"9":0,"10":0,"11":8,"12":16,"13":0,"14":0,"15":0,"16":0,"17":0},"b":{"0":[6,12],"1":[0],"2":[0],"3":[0],"4":[0],"5":[0],"6":[0,0],"7":[0],"8":[0],"9":[0,0],"10":[0,0],"11":[0,0,0],"12":[0,0],"13":[0],"14":[0,0]}}
,"/home/default/package/scripts/mock-data.ts": {"path":"/home/default/package/scripts/mock-data.ts","statementMap":{"0":{"start":{"line":31,"column":22},"end":{"line":31,"column":39}},"1":{"start":{"line":31,"column":22},"end":{"line":1,"column":null}},"2":{"start":{"line":1,"column":16},"end":{"line":3,"column":null}},"3":{"start":{"line":3,"column":19},"end":{"line":4,"column":null}},"4":{"start":{"line":4,"column":22},"end":{"line":4,"column":null}},"5":{"start":{"line":2,"column":19},"end":{"line":2,"column":22}},"6":{"start":{"line":7,"column":15},"end":{"line":7,"column":null}},"7":{"start":{"line":8,"column":22},"end":{"line":8,"column":null}},"8":{"start":{"line":11,"column":2},"end":{"line":12,"column":66}},"9":{"start":{"line":12,"column":4},"end":{"line":12,"column":66}},"10":{"start":{"line":16,"column":20},"end":{"line":16,"column":null}},"11":{"start":{"line":17,"column":27},"end":{"line":17,"column":null}},"12":{"start":{"line":19,"column":23},"end":{"line":19,"column":null}},"13":{"start":{"line":20,"column":19},"end":{"line":20,"column":null}},"14":{"start":{"line":22,"column":30},"end":{"line":23,"column":null}},"15":{"start":{"line":26,"column":2},"end":{"line":26,"column":null}},"16":{"start":{"line":28,"column":2},"end":{"line":28,"column":79}},"17":{"start":{"line":40,"column":17},"end":{"line":40,"column":null}},"18":{"start":{"line":41,"column":2},"end":{"line":41,"column":null}},"19":{"start":{"line":43,"column":14},"end":{"line":45,"column":null}},"20":{"start":{"line":48,"column":2},"end":{"line":48,"column":null}},"21":{"start":{"line":50,"column":2},"end":{"line":52,"column":3}},"22":{"start":{"line":51,"column":4},"end":{"line":51,"column":null}},"23":{"start":{"line":56,"column":17},"end":{"line":56,"column":19}},"24":{"start":{"line":57,"column":2},"end":{"line":59,"column":null}},"25":{"start":{"line":57,"column":15},"end":{"line":57,"column":18}},"26":{"start":{"line":58,"column":4},"end":{"line":58,"column":null}},"27":{"start":{"line":62,"column":20},"end":{"line":65,"column":null}},"28":{"start":{"line":68,"column":2},"end":{"line":70,"column":8}},"29":{"start":{"line":70,"column":2},"end":{"line":70,"column":null}}},"fnMap":{"0":{"name":"(anonymous_0)","decl":{"start":{"line":31,"column":22},"end":{"line":31,"column":39}},"loc":{"start":{"line":31,"column":22},"end":{"line":31,"column":39}}},"1":{"name":"_interop_require_default","decl":{"start":{"line":4,"column":22},"end":{"line":4,"column":null}},"loc":{"start":{"line":4,"column":22},"end":{"line":4,"column":null}}},"2":{"name":"createRandomProduct","decl":{"start":{"line":6,"column":9},"end":{"line":6,"column":29}},"loc":{"start":{"line":6,"column":40},"end":{"line":28,"column":79}}}},"branchMap":{"0":{"loc":{"start":{"line":4,"column":22},"end":{"line":4,"column":null}},"type":"cond-expr","locations":[{"start":{"line":4,"column":22},"end":{"line":4,"column":null}},{"start":{"line":4,"column":22},"end":{"line":4,"column":null}}]},"1":{"loc":{"start":{"line":11,"column":2},"end":{"line":12,"column":66}},"type":"if","locations":[{"start":{"line":11,"column":2},"end":{"line":12,"column":66}}]},"2":{"loc":{"start":{"line":50,"column":2},"end":{"line":52,"column":3}},"type":"if","locations":[{"start":{"line":50,"column":2},"end":{"line":52,"column":3}}]}},"s":{"0":10,"1":1,"2":1,"3":1,"4":2,"5":1,"6":800,"7":800,"8":800,"9":720,"10":80,"11":80,"12":80,"13":80,"14":80,"15":80,"16":80,"17":8,"18":8,"19":8,"20":8,"21":8,"22":8,"23":8,"24":8,"25":8,"26":800,"27":8,"28":8,"29":8},"f":{"0":16,"1":2,"2":800},"b":{"0":[2,4],"1":[720],"2":[8]}}
,"/home/default/package/src/client.ts": {"path":"/home/default/package/src/client.ts","statementMap":{"0":{"start":{"line":11,"column":16},"end":{"line":11,"column":28}},"1":{"start":{"line":12,"column":2},"end":{"line":24,"column":null}},"2":{"start":{"line":14,"column":19},"end":{"line":18,"column":null}},"3":{"start":{"line":19,"column":6},"end":{"line":20,"column":47}},"4":{"start":{"line":20,"column":8},"end":{"line":20,"column":47}},"5":{"start":{"line":21,"column":7},"end":{"line":22,"column":null}}},"fnMap":{"0":{"name":"(anonymous_0)","decl":{"start":{"line":11,"column":16},"end":{"line":11,"column":28}},"loc":{"start":{"line":11,"column":16},"end":{"line":11,"column":28}}},"1":{"name":"(anonymous_2)","decl":{"start":{"line":13,"column":12},"end":{"line":13,"column":19}},"loc":{"start":{"line":13,"column":40},"end":{"line":23,"column":null}}}},"branchMap":{"0":{"loc":{"start":{"line":19,"column":6},"end":{"line":20,"column":47}},"type":"if","locations":[{"start":{"line":19,"column":6},"end":{"line":20,"column":47}}]}},"s":{"0":2,"1":0,"2":0,"3":0,"4":0,"5":0},"f":{"0":0,"1":0},"b":{"0":[0]}}
,"/home/default/package/src/constants.ts": {"path":"/home/default/package/src/constants.ts","statementMap":{"0":{"start":{"line":1,"column":13},"end":{"line":1,"column":26}},"1":{"start":{"line":1,"column":13},"end":{"line":5,"column":27}},"2":{"start":{"line":2,"column":13},"end":{"line":2,"column":25}},"3":{"start":{"line":3,"column":13},"end":{"line":3,"column":30}},"4":{"start":{"line":4,"column":13},"end":{"line":4,"column":22}},"5":{"start":{"line":5,"column":13},"end":{"line":5,"column":27}},"6":{"start":{"line":1,"column":29},"end":{"line":1,"column":null}},"7":{"start":{"line":2,"column":28},"end":{"line":2,"column":null}},"8":{"start":{"line":3,"column":33},"end":{"line":3,"column":null}},"9":{"start":{"line":4,"column":25},"end":{"line":4,"column":null}},"10":{"start":{"line":5,"column":30},"end":{"line":5,"column":null}}},"fnMap":{"0":{"name":"_export","decl":{"start":{"line":1,"column":13},"end":{"line":1,"column":26}},"loc":{"start":{"line":1,"column":13},"end":{"line":1,"column":26}}},"1":{"name":"(anonymous_1)","decl":{"start":{"line":1,"column":26},"end":{"line":1,"column":29}},"loc":{"start":{"line":1,"column":13},"end":{"line":1,"column":26}}},"2":{"name":"(anonymous_2)","decl":{"start":{"line":2,"column":25},"end":{"line":2,"column":28}},"loc":{"start":{"line":2,"column":13},"end":{"line":2,"column":25}}},"3":{"name":"(anonymous_3)","decl":{"start":{"line":3,"column":30},"end":{"line":3,"column":33}},"loc":{"start":{"line":3,"column":13},"end":{"line":3,"column":30}}},"4":{"name":"(anonymous_4)","decl":{"start":{"line":4,"column":22},"end":{"line":4,"column":25}},"loc":{"start":{"line":4,"column":13},"end":{"line":4,"column":22}}},"5":{"name":"(anonymous_5)","decl":{"start":{"line":5,"column":27},"end":{"line":5,"column":30}},"loc":{"start":{"line":5,"column":13},"end":{"line":5,"column":27}}}},"branchMap":{},"s":{"0":104,"1":1,"2":8,"3":2,"4":1,"5":1,"6":1,"7":1,"8":1,"9":1,"10":1},"f":{"0":1,"1":97,"2":8,"3":2,"4":1,"5":1},"b":{}}
,"/home/default/package/src/index.ts": {"path":"/home/default/package/src/index.ts","statementMap":{"0":{"start":{"line":24,"column":13},"end":{"line":24,"column":29}},"1":{"start":{"line":24,"column":13},"end":{"line":33,"column":35}},"2":{"start":{"line":33,"column":22},"end":{"line":33,"column":35}},"3":{"start":{"line":33,"column":22},"end":{"line":1,"column":null}},"4":{"start":{"line":1,"column":16},"end":{"line":3,"column":null}},"5":{"start":{"line":3,"column":19},"end":{"line":5,"column":null}},"6":{"start":{"line":5,"column":30},"end":{"line":14,"column":null}},"7":{"start":{"line":14,"column":32},"end":{"line":16,"column":null}},"8":{"start":{"line":16,"column":27},"end":{"line":17,"column":null}},"9":{"start":{"line":17,"column":29},"end":{"line":18,"column":null}},"10":{"start":{"line":18,"column":30},"end":{"line":19,"column":null}},"11":{"start":{"line":19,"column":32},"end":{"line":128,"column":null}},"12":{"start":{"line":128,"column":14},"end":{"line":128,"column":null}},"13":{"start":{"line":2,"column":19},"end":{"line":2,"column":22}},"14":{"start":{"line":21,"column":15},"end":{"line":21,"column":null}},"15":{"start":{"line":22,"column":0},"end":{"line":22,"column":null}},"16":{"start":{"line":25,"column":2},"end":{"line":27,"column":null}},"17":{"start":{"line":25,"column":32},"end":{"line":27,"column":null}},"18":{"start":{"line":26,"column":4},"end":{"line":26,"column":null}},"19":{"start":{"line":42,"column":15},"end":{"line":42,"column":77}},"20":{"start":{"line":43,"column":17},"end":{"line":43,"column":null}},"21":{"start":{"line":45,"column":2},"end":{"line":48,"column":3}},"22":{"start":{"line":46,"column":4},"end":{"line":46,"column":null}},"23":{"start":{"line":47,"column":4},"end":{"line":47,"column":null}},"24":{"start":{"line":50,"column":58},"end":{"line":50,"column":69}},"25":{"start":{"line":51,"column":20},"end":{"line":51,"column":null}},"26":{"start":{"line":57,"column":34},"end":{"line":57,"column":null}},"27":{"start":{"line":58,"column":18},"end":{"line":58,"column":null}},"28":{"start":{"line":59,"column":21},"end":{"line":59,"column":null}},"29":{"start":{"line":60,"column":20},"end":{"line":60,"column":null}},"30":{"start":{"line":66,"column":14},"end":{"line":98,"column":null}},"31":{"start":{"line":101,"column":33},"end":{"line":101,"column":null}},"32":{"start":{"line":102,"column":42},"end":{"line":102,"column":56}},"33":{"start":{"line":108,"column":31},"end":{"line":123,"column":null}},"34":{"start":{"line":113,"column":12},"end":{"line":113,"column":null}},"35":{"start":{"line":114,"column":12},"end":{"line":114,"column":null}},"36":{"start":{"line":125,"column":2},"end":{"line":125,"column":null}}},"fnMap":{"0":{"name":"_export","decl":{"start":{"line":24,"column":13},"end":{"line":24,"column":29}},"loc":{"start":{"line":24,"column":13},"end":{"line":24,"column":29}}},"1":{"name":"(anonymous_1)","decl":{"start":{"line":24,"column":29},"end":{"line":24,"column":null}},"loc":{"start":{"line":24,"column":13},"end":{"line":24,"column":29}}},"2":{"name":"(anonymous_2)","decl":{"start":{"line":33,"column":35},"end":{"line":33,"column":null}},"loc":{"start":{"line":33,"column":22},"end":{"line":33,"column":35}}},"3":{"name":"_export_star","decl":{"start":{"line":128,"column":14},"end":{"line":128,"column":null}},"loc":{"start":{"line":128,"column":14},"end":{"line":128,"column":null}}},"4":{"name":"(anonymous_7)","decl":{"start":{"line":25,"column":2},"end":{"line":25,"column":31}},"loc":{"start":{"line":25,"column":32},"end":{"line":27,"column":null}}},"5":{"name":"(anonymous_8)","decl":{"start":{"line":25,"column":32},"end":{"line":25,"column":33}},"loc":{"start":{"line":25,"column":70},"end":{"line":27,"column":null}}},"6":{"name":"searchHandler","decl":{"start":{"line":33,"column":22},"end":{"line":33,"column":35}},"loc":{"start":{"line":37,"column":2},"end":{"line":126,"column":null}}},"7":{"name":"(anonymous_10)","decl":{"start":{"line":112,"column":20},"end":{"line":112,"column":28}},"loc":{"start":{"line":112,"column":29},"end":{"line":115,"column":16}}}},"branchMap":{"0":{"loc":{"start":{"line":128,"column":14},"end":{"line":128,"column":null}},"type":"if","locations":[{"start":{"line":128,"column":14},"end":{"line":128,"column":null}}]},"1":{"loc":{"start":{"line":128,"column":14},"end":{"line":128,"column":null}},"type":"binary-expr","locations":[{"start":{"line":128,"column":14},"end":{"line":128,"column":null}},{"start":{"line":128,"column":14},"end":{"line":128,"column":null}}]},"2":{"loc":{"start":{"line":42,"column":15},"end":{"line":42,"column":77}},"type":"cond-expr","locations":[{"start":{"line":42,"column":46},"end":{"line":42,"column":69}},{"start":{"line":42,"column":69},"end":{"line":42,"column":77}}]},"3":{"loc":{"start":{"line":45,"column":2},"end":{"line":48,"column":3}},"type":"if","locations":[{"start":{"line":45,"column":2},"end":{"line":48,"column":3}}]},"4":{"loc":{"start":{"line":75,"column":10},"end":{"line":75,"column":71}},"type":"cond-expr","locations":[{"start":{"line":75,"column":36},"end":{"line":75,"column":66}},{"start":{"line":75,"column":69},"end":{"line":75,"column":71}}]},"5":{"loc":{"start":{"line":112,"column":10},"end":{"line":115,"column":18}},"type":"binary-expr","locations":[{"start":{"line":112,"column":10},"end":{"line":115,"column":16}},{"start":{"line":115,"column":16},"end":{"line":115,"column":18}}]},"6":{"loc":{"start":{"line":113,"column":18},"end":{"line":113,"column":null}},"type":"binary-expr","locations":[{"start":{"line":113,"column":18},"end":{"line":113,"column":47}},{"start":{"line":113,"column":47},"end":{"line":113,"column":null}}]},"7":{"loc":{"start":{"line":114,"column":19},"end":{"line":114,"column":null}},"type":"binary-expr","locations":[{"start":{"line":114,"column":19},"end":{"line":114,"column":47}},{"start":{"line":114,"column":47},"end":{"line":114,"column":null}}]}},"s":{"0":4,"1":1,"2":12,"3":1,"4":1,"5":1,"6":1,"7":1,"8":1,"9":1,"10":1,"11":1,"12":6,"13":1,"14":1,"15":1,"16":1,"17":0,"18":0,"19":12,"20":12,"21":12,"22":4,"23":4,"24":8,"25":8,"26":8,"27":8,"28":8,"29":8,"30":8,"31":8,"32":8,"33":8,"34":78,"35":78,"36":8},"f":{"0":1,"1":0,"2":12,"3":4,"4":0,"5":0,"6":12,"7":78},"b":{"0":[1],"1":[3,5],"2":[1,11],"3":[4],"4":[1,7],"5":[8,1],"6":[78,77],"7":[78,13]}}
,"/home/default/package/src/index.validation.ts": {"path":"/home/default/package/src/index.validation.ts","statementMap":{"0":{"start":{"line":11,"column":13},"end":{"line":11,"column":29}},"1":{"start":{"line":11,"column":13},"end":{"line":41,"column":28}},"2":{"start":{"line":22,"column":13},"end":{"line":22,"column":30}},"3":{"start":{"line":26,"column":13},"end":{"line":26,"column":25}},"4":{"start":{"line":35,"column":13},"end":{"line":35,"column":22}},"5":{"start":{"line":41,"column":13},"end":{"line":41,"column":28}},"6":{"start":{"line":41,"column":13},"end":{"line":1,"column":null}},"7":{"start":{"line":1,"column":18},"end":{"line":3,"column":null}},"8":{"start":{"line":11,"column":32},"end":{"line":20,"column":null}},"9":{"start":{"line":22,"column":33},"end":{"line":24,"column":null}},"10":{"start":{"line":26,"column":28},"end":{"line":33,"column":null}},"11":{"start":{"line":35,"column":25},"end":{"line":39,"column":null}},"12":{"start":{"line":41,"column":31},"end":{"line":80,"column":null}},"13":{"start":{"line":46,"column":4},"end":{"line":46,"column":null}},"14":{"start":{"line":46,"column":40},"end":{"line":46,"column":78}},"15":{"start":{"line":49,"column":20},"end":{"line":71,"column":null}},"16":{"start":{"line":57,"column":6},"end":{"line":57,"column":48}},"17":{"start":{"line":57,"column":37},"end":{"line":57,"column":48}},"18":{"start":{"line":58,"column":6},"end":{"line":59,"column":null}},"19":{"start":{"line":59,"column":8},"end":{"line":59,"column":null}},"20":{"start":{"line":63,"column":6},"end":{"line":63,"column":45}},"21":{"start":{"line":63,"column":34},"end":{"line":63,"column":45}},"22":{"start":{"line":64,"column":6},"end":{"line":65,"column":null}},"23":{"start":{"line":65,"column":8},"end":{"line":65,"column":null}},"24":{"start":{"line":69,"column":6},"end":{"line":69,"column":32}},"25":{"start":{"line":69,"column":21},"end":{"line":69,"column":32}},"26":{"start":{"line":70,"column":6},"end":{"line":70,"column":null}},"27":{"start":{"line":73,"column":18},"end":{"line":77,"column":null}},"28":{"start":{"line":79,"column":2},"end":{"line":79,"column":null}}},"fnMap":{"0":{"name":"_export","decl":{"start":{"line":11,"column":13},"end":{"line":11,"column":29}},"loc":{"start":{"line":11,"column":13},"end":{"line":11,"column":29}}},"1":{"name":"(anonymous_1)","decl":{"start":{"line":11,"column":29},"end":{"line":11,"column":32}},"loc":{"start":{"line":11,"column":13},"end":{"line":11,"column":29}}},"2":{"name":"(anonymous_2)","decl":{"start":{"line":22,"column":30},"end":{"line":22,"column":33}},"loc":{"start":{"line":22,"column":13},"end":{"line":22,"column":30}}},"3":{"name":"(anonymous_3)","decl":{"start":{"line":26,"column":25},"end":{"line":26,"column":28}},"loc":{"start":{"line":26,"column":13},"end":{"line":26,"column":25}}},"4":{"name":"(anonymous_4)","decl":{"start":{"line":35,"column":22},"end":{"line":35,"column":25}},"loc":{"start":{"line":35,"column":13},"end":{"line":35,"column":22}}},"5":{"name":"(anonymous_5)","decl":{"start":{"line":41,"column":28},"end":{"line":41,"column":31}},"loc":{"start":{"line":41,"column":13},"end":{"line":41,"column":28}}},"6":{"name":"(anonymous_6)","decl":{"start":{"line":41,"column":31},"end":{"line":41,"column":32}},"loc":{"start":{"line":41,"column":75},"end":{"line":80,"column":null}}},"7":{"name":"(anonymous_7)","decl":{"start":{"line":46,"column":28},"end":{"line":46,"column":39}},"loc":{"start":{"line":46,"column":40},"end":{"line":46,"column":78}}},"8":{"name":"(anonymous_8)","decl":{"start":{"line":56,"column":12},"end":{"line":56,"column":13}},"loc":{"start":{"line":56,"column":38},"end":{"line":61,"column":7}}},"9":{"name":"(anonymous_9)","decl":{"start":{"line":58,"column":37},"end":{"line":59,"column":7}},"loc":{"start":{"line":59,"column":8},"end":{"line":59,"column":null}}},"10":{"name":"(anonymous_10)","decl":{"start":{"line":62,"column":12},"end":{"line":62,"column":13}},"loc":{"start":{"line":62,"column":35},"end":{"line":67,"column":7}}},"11":{"name":"(anonymous_11)","decl":{"start":{"line":64,"column":34},"end":{"line":65,"column":7}},"loc":{"start":{"line":65,"column":8},"end":{"line":65,"column":null}}},"12":{"name":"(anonymous_12)","decl":{"start":{"line":68,"column":12},"end":{"line":68,"column":13}},"loc":{"start":{"line":68,"column":30},"end":{"line":71,"column":7}}}},"branchMap":{"0":{"loc":{"start":{"line":46,"column":4},"end":{"line":46,"column":null}},"type":"binary-expr","locations":[{"start":{"line":46,"column":4},"end":{"line":46,"column":15}},{"start":{"line":46,"column":15},"end":{"line":46,"column":null}}]},"1":{"loc":{"start":{"line":57,"column":6},"end":{"line":57,"column":48}},"type":"if","locations":[{"start":{"line":57,"column":6},"end":{"line":57,"column":48}}]},"2":{"loc":{"start":{"line":63,"column":6},"end":{"line":63,"column":45}},"type":"if","locations":[{"start":{"line":63,"column":6},"end":{"line":63,"column":45}}]},"3":{"loc":{"start":{"line":69,"column":6},"end":{"line":69,"column":32}},"type":"if","locations":[{"start":{"line":69,"column":6},"end":{"line":69,"column":32}}]}},"s":{"0":7,"1":1,"2":0,"3":0,"4":0,"5":12,"6":1,"7":1,"8":1,"9":1,"10":1,"11":1,"12":1,"13":12,"14":4,"15":12,"16":4,"17":2,"18":2,"19":4,"20":4,"21":2,"22":2,"23":4,"24":4,"25":4,"26":0,"27":12,"28":12},"f":{"0":1,"1":0,"2":0,"3":0,"4":0,"5":12,"6":12,"7":4,"8":4,"9":4,"10":4,"11":4,"12":4},"b":{"0":[12,4],"1":[2],"2":[2],"3":[4]}}
,"/home/default/package/src/lib/columns.ts": {"path":"/home/default/package/src/lib/columns.ts","statementMap":{"0":{"start":{"line":8,"column":13},"end":{"line":8,"column":26}},"1":{"start":{"line":8,"column":13},"end":{"line":1,"column":null}},"2":{"start":{"line":1,"column":19},"end":{"line":3,"column":null}},"3":{"start":{"line":3,"column":30},"end":{"line":3,"column":null}},"4":{"start":{"line":8,"column":26},"end":{"line":29,"column":null}},"5":{"start":{"line":9,"column":2},"end":{"line":19,"column":3}},"6":{"start":{"line":10,"column":4},"end":{"line":18,"column":null}},"7":{"start":{"line":15,"column":48},"end":{"line":15,"column":null}},"8":{"start":{"line":16,"column":8},"end":{"line":16,"column":null}},"9":{"start":{"line":19,"column":3},"end":{"line":27,"column":19}},"10":{"start":{"line":24,"column":23},"end":{"line":24,"column":null}}},"fnMap":{"0":{"name":"(anonymous_0)","decl":{"start":{"line":8,"column":13},"end":{"line":8,"column":26}},"loc":{"start":{"line":8,"column":13},"end":{"line":8,"column":26}}},"1":{"name":"_interop_require_default","decl":{"start":{"line":3,"column":30},"end":{"line":3,"column":null}},"loc":{"start":{"line":3,"column":30},"end":{"line":3,"column":null}}},"2":{"name":"(anonymous_2)","decl":{"start":{"line":8,"column":26},"end":{"line":8,"column":60}},"loc":{"start":{"line":8,"column":61},"end":{"line":29,"column":null}}},"3":{"name":"(anonymous_3)","decl":{"start":{"line":12,"column":17},"end":{"line":12,"column":30}},"loc":{"start":{"line":12,"column":31},"end":{"line":17,"column":null}}},"4":{"name":"(anonymous_4)","decl":{"start":{"line":24,"column":14},"end":{"line":24,"column":22}},"loc":{"start":{"line":24,"column":23},"end":{"line":24,"column":null}}}},"branchMap":{"0":{"loc":{"start":{"line":3,"column":30},"end":{"line":3,"column":null}},"type":"cond-expr","locations":[{"start":{"line":3,"column":30},"end":{"line":3,"column":null}},{"start":{"line":3,"column":30},"end":{"line":3,"column":null}}]},"1":{"loc":{"start":{"line":9,"column":2},"end":{"line":19,"column":3}},"type":"if","locations":[{"start":{"line":9,"column":2},"end":{"line":19,"column":3}}]}},"s":{"0":10,"1":1,"2":1,"3":1,"4":1,"5":8,"6":7,"7":65,"8":65,"9":1,"10":2},"f":{"0":8,"1":1,"2":8,"3":65,"4":2},"b":{"0":[1,2],"1":[7]}}
,"/home/default/package/src/lib/highlight.ts": {"path":"/home/default/package/src/lib/highlight.ts","statementMap":{"0":{"start":{"line":39,"column":13},"end":{"line":39,"column":28}},"1":{"start":{"line":39,"column":13},"end":{"line":1,"column":null}},"2":{"start":{"line":1,"column":19},"end":{"line":1,"column":null}},"3":{"start":{"line":39,"column":28},"end":{"line":97,"column":null}},"4":{"start":{"line":43,"column":2},"end":{"line":44,"column":15}},"5":{"start":{"line":44,"column":4},"end":{"line":44,"column":15}},"6":{"start":{"line":47,"column":20},"end":{"line":62,"column":null}},"7":{"start":{"line":48,"column":4},"end":{"line":62,"column":null}},"8":{"start":{"line":66,"column":20},"end":{"line":94,"column":null}},"9":{"start":{"line":67,"column":4},"end":{"line":67,"column":null}},"10":{"start":{"line":69,"column":4},"end":{"line":90,"column":7}},"11":{"start":{"line":70,"column":24},"end":{"line":70,"column":null}},"12":{"start":{"line":73,"column":6},"end":{"line":73,"column":null}},"13":{"start":{"line":75,"column":6},"end":{"line":90,"column":7}},"14":{"start":{"line":76,"column":8},"end":{"line":79,"column":26}},"15":{"start":{"line":83,"column":8},"end":{"line":88,"column":26}},"16":{"start":{"line":93,"column":4},"end":{"line":93,"column":null}},"17":{"start":{"line":96,"column":2},"end":{"line":96,"column":null}}},"fnMap":{"0":{"name":"(anonymous_0)","decl":{"start":{"line":39,"column":13},"end":{"line":39,"column":28}},"loc":{"start":{"line":39,"column":13},"end":{"line":39,"column":28}}},"1":{"name":"_interop_require_default","decl":{"start":{"line":1,"column":19},"end":{"line":1,"column":null}},"loc":{"start":{"line":1,"column":19},"end":{"line":1,"column":null}}},"2":{"name":"(anonymous_2)","decl":{"start":{"line":39,"column":28},"end":{"line":39,"column":29}},"loc":{"start":{"line":42,"column":21},"end":{"line":97,"column":null}}},"3":{"name":"(anonymous_3)","decl":{"start":{"line":47,"column":41},"end":{"line":48,"column":3}},"loc":{"start":{"line":48,"column":4},"end":{"line":62,"column":null}}},"4":{"name":"(anonymous_4)","decl":{"start":{"line":66,"column":20},"end":{"line":66,"column":38}},"loc":{"start":{"line":66,"column":39},"end":{"line":94,"column":null}}}},"branchMap":{"0":{"loc":{"start":{"line":1,"column":19},"end":{"line":1,"column":null}},"type":"cond-expr","locations":[{"start":{"line":1,"column":19},"end":{"line":1,"column":null}},{"start":{"line":1,"column":19},"end":{"line":1,"column":null}}]},"1":{"loc":{"start":{"line":40,"column":17},"end":{"line":40,"column":52}},"type":"default-arg","locations":[{"start":{"line":40,"column":50},"end":{"line":40,"column":52}}]},"2":{"loc":{"start":{"line":43,"column":2},"end":{"line":44,"column":15}},"type":"if","locations":[{"start":{"line":43,"column":2},"end":{"line":44,"column":15}}]},"3":{"loc":{"start":{"line":43,"column":6},"end":{"line":43,"column":66}},"type":"binary-expr","locations":[{"start":{"line":43,"column":6},"end":{"line":43,"column":27}},{"start":{"line":43,"column":27},"end":{"line":43,"column":47}},{"start":{"line":43,"column":47},"end":{"line":43,"column":66}}]},"4":{"loc":{"start":{"line":57,"column":6},"end":{"line":57,"column":null}},"type":"binary-expr","locations":[{"start":{"line":57,"column":6},"end":{"line":57,"column":18}},{"start":{"line":57,"column":18},"end":{"line":57,"column":null}}]},"5":{"loc":{"start":{"line":75,"column":6},"end":{"line":90,"column":7}},"type":"if","locations":[{"start":{"line":75,"column":6},"end":{"line":90,"column":7}},{"start":{"line":81,"column":13},"end":{"line":90,"column":7}}]},"6":{"loc":{"start":{"line":77,"column":17},"end":{"line":77,"column":79}},"type":"cond-expr","locations":[{"start":{"line":77,"column":52},"end":{"line":77,"column":63}},{"start":{"line":77,"column":77},"end":{"line":77,"column":79}}]}},"s":{"0":10,"1":1,"2":1,"3":1,"4":8,"5":7,"6":1,"7":2,"8":1,"9":1,"10":1,"11":2,"12":2,"13":2,"14":0,"15":2,"16":1,"17":1},"f":{"0":8,"1":1,"2":8,"3":2,"4":1},"b":{"0":[1,2],"1":[6],"2":[7],"3":[8,1,1],"4":[2,2],"5":[0,2],"6":[0,0]}}
,"/home/default/package/src/lib/pagination.ts": {"path":"/home/default/package/src/lib/pagination.ts","statementMap":{"0":{"start":{"line":8,"column":13},"end":{"line":8,"column":29}},"1":{"start":{"line":8,"column":29},"end":{"line":49,"column":null}},"2":{"start":{"line":9,"column":20},"end":{"line":20,"column":null}},"3":{"start":{"line":9,"column":79},"end":{"line":19,"column":7}},"4":{"start":{"line":22,"column":2},"end":{"line":34,"column":3}},"5":{"start":{"line":23,"column":4},"end":{"line":33,"column":null}},"6":{"start":{"line":36,"column":14},"end":{"line":39,"column":null}},"7":{"start":{"line":41,"column":2},"end":{"line":48,"column":null}}},"fnMap":{"0":{"name":"(anonymous_0)","decl":{"start":{"line":8,"column":13},"end":{"line":8,"column":29}},"loc":{"start":{"line":8,"column":13},"end":{"line":8,"column":29}}},"1":{"name":"(anonymous_1)","decl":{"start":{"line":8,"column":29},"end":{"line":8,"column":73}},"loc":{"start":{"line":8,"column":74},"end":{"line":49,"column":null}}},"2":{"name":"(anonymous_2)","decl":{"start":{"line":9,"column":20},"end":{"line":9,"column":21}},"loc":{"start":{"line":9,"column":79},"end":{"line":19,"column":7}}}},"branchMap":{"0":{"loc":{"start":{"line":12,"column":12},"end":{"line":12,"column":null}},"type":"binary-expr","locations":[{"start":{"line":12,"column":12},"end":{"line":12,"column":25}},{"start":{"line":12,"column":25},"end":{"line":12,"column":null}}]},"1":{"loc":{"start":{"line":14,"column":8},"end":{"line":14,"column":36}},"type":"binary-expr","locations":[{"start":{"line":14,"column":8},"end":{"line":14,"column":22}},{"start":{"line":14,"column":22},"end":{"line":14,"column":36}}]},"2":{"loc":{"start":{"line":16,"column":8},"end":{"line":19,"column":7}},"type":"binary-expr","locations":[{"start":{"line":16,"column":8},"end":{"line":16,"column":null}},{"start":{"line":17,"column":6},"end":{"line":17,"column":21}},{"start":{"line":17,"column":25},"end":{"line":19,"column":7}}]},"3":{"loc":{"start":{"line":22,"column":2},"end":{"line":34,"column":3}},"type":"if","locations":[{"start":{"line":22,"column":2},"end":{"line":34,"column":3}}]},"4":{"loc":{"start":{"line":26,"column":16},"end":{"line":26,"column":null}},"type":"binary-expr","locations":[{"start":{"line":26,"column":16},"end":{"line":26,"column":29}},{"start":{"line":26,"column":33},"end":{"line":26,"column":null}}]},"5":{"loc":{"start":{"line":30,"column":15},"end":{"line":30,"column":null}},"type":"binary-expr","locations":[{"start":{"line":30,"column":15},"end":{"line":30,"column":28}},{"start":{"line":30,"column":32},"end":{"line":30,"column":null}}]},"6":{"loc":{"start":{"line":37,"column":10},"end":{"line":37,"column":null}},"type":"binary-expr","locations":[{"start":{"line":37,"column":10},"end":{"line":37,"column":21}},{"start":{"line":37,"column":25},"end":{"line":37,"column":null}}]},"7":{"loc":{"start":{"line":38,"column":17},"end":{"line":38,"column":null}},"type":"binary-expr","locations":[{"start":{"line":38,"column":17},"end":{"line":38,"column":35}},{"start":{"line":38,"column":39},"end":{"line":38,"column":null}}]}},"s":{"0":10,"1":1,"2":8,"3":8,"4":8,"5":0,"6":8,"7":8},"f":{"0":8,"1":8,"2":8},"b":{"0":[8,0],"1":[8,0],"2":[8,8,8],"3":[0],"4":[0,0],"5":[0,0],"6":[8,2],"7":[8,8]}}
,"/home/default/package/src/lib/sort.ts": {"path":"/home/default/package/src/lib/sort.ts","statementMap":{"0":{"start":{"line":3,"column":13},"end":{"line":3,"column":31}},"1":{"start":{"line":3,"column":13},"end":{"line":1,"column":null}},"2":{"start":{"line":1,"column":19},"end":{"line":1,"column":null}},"3":{"start":{"line":3,"column":31},"end":{"line":37,"column":null}},"4":{"start":{"line":9,"column":31},"end":{"line":9,"column":null}},"5":{"start":{"line":11,"column":2},"end":{"line":11,"column":null}},"6":{"start":{"line":11,"column":22},"end":{"line":11,"column":null}},"7":{"start":{"line":12,"column":2},"end":{"line":12,"column":null}},"8":{"start":{"line":12,"column":20},"end":{"line":12,"column":null}},"9":{"start":{"line":15,"column":15},"end":{"line":31,"column":null}},"10":{"start":{"line":19,"column":32},"end":{"line":19,"column":null}},"11":{"start":{"line":20,"column":6},"end":{"line":20,"column":38}},"12":{"start":{"line":20,"column":27},"end":{"line":20,"column":38}},"13":{"start":{"line":21,"column":26},"end":{"line":21,"column":48}},"14":{"start":{"line":22,"column":25},"end":{"line":22,"column":null}},"15":{"start":{"line":24,"column":6},"end":{"line":24,"column":null}},"16":{"start":{"line":24,"column":35},"end":{"line":24,"column":null}},"17":{"start":{"line":25,"column":6},"end":{"line":25,"column":null}},"18":{"start":{"line":25,"column":36},"end":{"line":25,"column":null}},"19":{"start":{"line":26,"column":6},"end":{"line":26,"column":null}},"20":{"start":{"line":26,"column":44},"end":{"line":26,"column":null}},"21":{"start":{"line":27,"column":6},"end":{"line":27,"column":null}},"22":{"start":{"line":27,"column":43},"end":{"line":27,"column":null}},"23":{"start":{"line":28,"column":6},"end":{"line":28,"column":null}},"24":{"start":{"line":30,"column":19},"end":{"line":30,"column":null}},"25":{"start":{"line":33,"column":2},"end":{"line":35,"column":57}}},"fnMap":{"0":{"name":"(anonymous_0)","decl":{"start":{"line":3,"column":13},"end":{"line":3,"column":31}},"loc":{"start":{"line":3,"column":13},"end":{"line":3,"column":31}}},"1":{"name":"_interop_require_default","decl":{"start":{"line":1,"column":19},"end":{"line":1,"column":null}},"loc":{"start":{"line":1,"column":19},"end":{"line":1,"column":null}}},"2":{"name":"(anonymous_2)","decl":{"start":{"line":3,"column":31},"end":{"line":8,"column":4}},"loc":{"start":{"line":8,"column":5},"end":{"line":37,"column":null}}},"3":{"name":"(anonymous_3)","decl":{"start":{"line":18,"column":10},"end":{"line":18,"column":19}},"loc":{"start":{"line":18,"column":20},"end":{"line":29,"column":null}}},"4":{"name":"(anonymous_4)","decl":{"start":{"line":30,"column":12},"end":{"line":30,"column":18}},"loc":{"start":{"line":30,"column":19},"end":{"line":30,"column":null}}}},"branchMap":{"0":{"loc":{"start":{"line":1,"column":19},"end":{"line":1,"column":null}},"type":"cond-expr","locations":[{"start":{"line":1,"column":19},"end":{"line":1,"column":null}},{"start":{"line":1,"column":19},"end":{"line":1,"column":null}}]},"1":{"loc":{"start":{"line":11,"column":2},"end":{"line":11,"column":null}},"type":"if","locations":[{"start":{"line":11,"column":2},"end":{"line":11,"column":null}}]},"2":{"loc":{"start":{"line":12,"column":2},"end":{"line":12,"column":null}},"type":"if","locations":[{"start":{"line":12,"column":2},"end":{"line":12,"column":null}}]},"3":{"loc":{"start":{"line":20,"column":6},"end":{"line":20,"column":38}},"type":"if","locations":[{"start":{"line":20,"column":6},"end":{"line":20,"column":38}}]},"4":{"loc":{"start":{"line":24,"column":6},"end":{"line":24,"column":null}},"type":"if","locations":[{"start":{"line":24,"column":6},"end":{"line":24,"column":null}}]},"5":{"loc":{"start":{"line":25,"column":6},"end":{"line":25,"column":null}},"type":"if","locations":[{"start":{"line":25,"column":6},"end":{"line":25,"column":null}}]},"6":{"loc":{"start":{"line":26,"column":6},"end":{"line":26,"column":null}},"type":"if","locations":[{"start":{"line":26,"column":6},"end":{"line":26,"column":null}}]},"7":{"loc":{"start":{"line":27,"column":6},"end":{"line":27,"column":null}},"type":"if","locations":[{"start":{"line":27,"column":6},"end":{"line":27,"column":null}}]},"8":{"loc":{"start":{"line":35,"column":18},"end":{"line":35,"column":57}},"type":"cond-expr","locations":[{"start":{"line":35,"column":34},"end":{"line":35,"column":39}},{"start":{"line":35,"column":39},"end":{"line":35,"column":57}}]}},"s":{"0":10,"1":1,"2":1,"3":1,"4":8,"5":8,"6":0,"7":8,"8":6,"9":2,"10":3,"11":3,"12":0,"13":3,"14":3,"15":3,"16":2,"17":3,"18":1,"19":3,"20":0,"21":3,"22":0,"23":3,"24":3,"25":2},"f":{"0":8,"1":1,"2":8,"3":3,"4":3},"b":{"0":[1,2],"1":[0],"2":[6],"3":[0],"4":[2],"5":[1],"6":[0],"7":[0],"8":[0,2]}}
}
