TN:
SF:scripts/create-index.ts
FN:13,_export
FN:13,(anonymous_1)
FN:56,(anonymous_2)
FN:7,_interop_require_default
FN:29,(anonymous_5)
FN:56,dropColumnAndIndex
FN:89,(anonymous_7)
FN:101,(anonymous_8)
FNF:8
FNH:6
FNDA:9,_export
FNDA:6,(anonymous_1)
FNDA:1,(anonymous_2)
FNDA:6,_interop_require_default
FNDA:12,(anonymous_5)
FNDA:1,dropColumnAndIndex
FNDA:0,(anonymous_7)
FNDA:0,(anonymous_8)
DA:1,3
DA:2,3
DA:3,3
DA:5,3
DA:7,6
DA:13,18
DA:18,6
DA:21,6
DA:23,6
DA:24,6
DA:26,6
DA:28,6
DA:29,12
DA:32,6
DA:39,6
DA:41,6
DA:47,6
DA:49,6
DA:56,3
DA:57,1
DA:59,1
DA:60,1
DA:62,1
DA:63,1
DA:65,1
DA:70,1
DA:72,1
DA:80,3
DA:86,3
DA:87,0
DA:88,0
DA:89,0
DA:91,0
DA:93,0
DA:94,0
DA:96,3
DA:99,0
DA:100,0
DA:101,0
DA:103,0
DA:105,0
DA:106,0
LF:42
LH:30
BRDA:7,0,0,6
BRDA:7,0,1,12
BRDA:86,1,0,0
BRDA:88,2,0,0
BRDA:96,3,0,0
BRDA:100,4,0,0
BRF:6
BRH:2
end_of_record
TN:
SF:scripts/lib.ts
FN:16,_export
FN:16,(anonymous_1)
FN:32,(anonymous_2)
FN:50,(anonymous_3)
FN:87,(anonymous_4)
FN:108,(anonymous_5)
FN:120,(anonymous_6)
FN:10,_interop_require_default
FN:16,(anonymous_8)
FN:32,(anonymous_9)
FN:50,(anonymous_10)
FN:87,getTextColumnsFromTable
FN:101,(anonymous_12)
FN:108,(anonymous_13)
FN:110,(anonymous_14)
FN:120,(anonymous_15)
FN:137,(anonymous_16)
FN:138,(anonymous_17)
FNF:18
FNH:5
FNDA:3,_export
FNDA:0,(anonymous_1)
FNDA:0,(anonymous_2)
FNDA:0,(anonymous_3)
FNDA:7,(anonymous_4)
FNDA:0,(anonymous_5)
FNDA:0,(anonymous_6)
FNDA:18,_interop_require_default
FNDA:0,(anonymous_8)
FNDA:0,(anonymous_9)
FNDA:0,(anonymous_10)
FNDA:7,getTextColumnsFromTable
FNDA:14,(anonymous_12)
FNDA:0,(anonymous_13)
FNDA:0,(anonymous_14)
FNDA:0,(anonymous_15)
FNDA:0,(anonymous_16)
FNDA:0,(anonymous_17)
DA:2,3
DA:3,3
DA:4,3
DA:5,3
DA:6,3
DA:8,3
DA:9,3
DA:10,18
DA:16,24
DA:17,0
DA:18,0
DA:19,0
DA:21,0
DA:22,0
DA:23,0
DA:24,0
DA:26,0
DA:28,0
DA:32,3
DA:33,0
DA:34,0
DA:35,0
DA:39,0
DA:40,0
DA:41,0
DA:42,0
DA:44,0
DA:46,0
DA:50,3
DA:55,0
DA:56,0
DA:65,0
DA:70,0
DA:71,0
DA:74,0
DA:77,0
DA:78,0
DA:87,7
DA:92,7
DA:93,7
DA:94,7
DA:99,7
DA:100,7
DA:101,14
DA:108,3
DA:109,0
DA:111,0
DA:113,0
DA:120,3
DA:125,0
DA:126,0
DA:129,0
DA:131,0
DA:133,0
DA:137,0
DA:138,0
DA:139,0
DA:141,0
DA:146,0
DA:147,0
DA:148,0
DA:149,0
DA:150,0
DA:151,0
DA:155,0
DA:157,0
DA:161,0
LF:67
LH:20
BRDA:10,0,0,18
BRDA:10,0,1,36
BRDA:23,1,0,0
BRDA:41,2,0,0
BRDA:55,3,0,0
BRDA:70,4,0,0
BRDA:74,5,0,0
BRDA:80,6,0,0
BRDA:80,6,1,0
BRDA:123,7,0,0
BRDA:125,8,0,0
BRDA:125,9,0,0
BRDA:125,9,1,0
BRDA:141,10,0,0
BRDA:141,10,1,0
BRDA:142,11,0,0
BRDA:142,11,1,0
BRDA:142,11,2,0
BRDA:147,12,0,0
BRDA:147,12,1,0
BRDA:149,13,0,0
BRDA:153,14,0,0
BRDA:153,14,1,0
BRF:23
BRH:2
end_of_record
TN:
SF:scripts/mock-data.ts
FN:14,(anonymous_0)
FN:4,_interop_require_default
FN:6,createRandomProduct
FNF:3
FNH:3
FNDA:16,(anonymous_0)
FNDA:6,_interop_require_default
FNDA:800,createRandomProduct
DA:1,3
DA:2,3
DA:3,3
DA:4,6
DA:7,800
DA:14,14
DA:23,8
DA:24,8
DA:26,8
DA:31,8
DA:33,8
DA:34,8
DA:39,8
DA:40,8
DA:41,800
DA:45,8
DA:51,8
DA:53,8
LF:18
LH:18
BRDA:4,0,0,6
BRDA:4,0,1,12
BRDA:33,1,0,8
BRF:3
BRH:3
end_of_record
TN:
SF:src/client.ts
FN:1,(anonymous_0)
FN:3,(anonymous_2)
FNF:2
FNH:2
FNDA:4,(anonymous_0)
FNDA:2,(anonymous_2)
DA:1,8
DA:2,2
DA:4,2
DA:9,2
DA:10,0
DA:11,2
LF:6
LH:5
BRDA:9,0,0,0
BRF:1
BRH:0
end_of_record
TN:
SF:src/constants.ts
FN:1,_export
FN:1,(anonymous_1)
FN:2,(anonymous_2)
FN:3,(anonymous_3)
FN:4,(anonymous_4)
FN:5,(anonymous_5)
FNF:6
FNH:6
FNDA:3,_export
FNDA:150,(anonymous_1)
FNDA:9,(anonymous_2)
FNDA:2,(anonymous_3)
FNDA:2,(anonymous_4)
FNDA:5,(anonymous_5)
DA:1,171
DA:2,9
DA:3,3
DA:4,3
DA:5,5
LF:5
LH:5
BRF:0
BRH:0
end_of_record
TN:
SF:src/index.ts
FN:23,(anonymous_0)
FN:120,_export_star
FN:105,(anonymous_6)
FN:108,(anonymous_7)
FNF:4
FNH:4
FNDA:10,(anonymous_0)
FNDA:8,_export_star
FNDA:25,(anonymous_6)
FNDA:125,(anonymous_7)
DA:1,2
DA:2,2
DA:3,2
DA:5,2
DA:14,2
DA:16,2
DA:17,2
DA:23,9
DA:24,5
DA:26,5
DA:28,5
DA:29,0
DA:30,0
DA:33,5
DA:34,5
DA:42,5
DA:47,5
DA:52,5
DA:53,0
DA:54,0
DA:57,5
DA:87,5
DA:89,5
DA:97,5
DA:107,25
DA:108,125
DA:117,5
DA:120,12
LF:28
LH:24
BRDA:120,0,0,2
BRDA:120,1,0,6
BRDA:120,1,1,10
BRDA:24,2,0,1
BRDA:24,2,1,4
BRDA:28,3,0,0
BRDA:43,4,0,5
BRDA:43,4,1,3
BRDA:44,5,0,5
BRDA:44,5,1,5
BRDA:52,6,0,0
BRDA:105,7,0,5
BRDA:105,7,1,1
BRF:13
BRH:11
end_of_record
TN:
SF:src/index.types.ts
FN:22,(anonymous_0)
FNF:1
FNH:1
FNDA:5,(anonymous_0)
DA:1,2
DA:10,2
DA:22,9
LF:3
LH:3
BRF:0
BRH:0
end_of_record
