TN:
SF:scripts/create-index.ts
FN:13,_export
FN:13,(anonymous_1)
FN:56,(anonymous_2)
FN:7,_interop_require_default
FN:29,(anonymous_5)
FN:56,dropColumnAndIndex
FN:89,(anonymous_7)
FN:101,(anonymous_8)
FNF:8
FNH:4
FNDA:6,_export
FNDA:5,(anonymous_1)
FNDA:0,(anonymous_2)
FNDA:2,_interop_require_default
FNDA:10,(anonymous_5)
FNDA:0,dropColumnAndIndex
FNDA:0,(anonymous_7)
FNDA:0,(anonymous_8)
DA:1,1
DA:2,1
DA:3,1
DA:5,1
DA:7,2
DA:13,9
DA:18,5
DA:21,5
DA:23,5
DA:24,5
DA:26,5
DA:28,5
DA:29,10
DA:32,5
DA:39,5
DA:41,5
DA:47,5
DA:49,5
DA:56,1
DA:57,0
DA:59,0
DA:60,0
DA:62,0
DA:63,0
DA:65,0
DA:70,0
DA:72,0
DA:80,1
DA:86,1
DA:87,0
DA:88,0
DA:89,0
DA:91,0
DA:93,0
DA:94,0
DA:96,1
DA:99,0
DA:100,0
DA:101,0
DA:103,0
DA:105,0
DA:106,0
LF:42
LH:22
BRDA:7,0,0,2
BRDA:7,0,1,4
BRDA:86,1,0,0
BRDA:88,2,0,0
BRDA:96,3,0,0
BRDA:100,4,0,0
BRF:6
BRH:2
end_of_record
TN:
SF:scripts/lib.ts
FN:16,_export
FN:16,(anonymous_1)
FN:32,(anonymous_2)
FN:50,(anonymous_3)
FN:87,(anonymous_4)
FN:108,(anonymous_5)
FN:120,(anonymous_6)
FN:10,_interop_require_default
FN:16,(anonymous_8)
FN:32,(anonymous_9)
FN:50,(anonymous_10)
FN:87,getTextColumnsFromTable
FN:101,(anonymous_12)
FN:108,(anonymous_13)
FN:110,(anonymous_14)
FN:120,(anonymous_15)
FN:137,(anonymous_16)
FN:138,(anonymous_17)
FNF:18
FNH:5
FNDA:1,_export
FNDA:0,(anonymous_1)
FNDA:0,(anonymous_2)
FNDA:0,(anonymous_3)
FNDA:5,(anonymous_4)
FNDA:0,(anonymous_5)
FNDA:0,(anonymous_6)
FNDA:6,_interop_require_default
FNDA:0,(anonymous_8)
FNDA:0,(anonymous_9)
FNDA:0,(anonymous_10)
FNDA:5,getTextColumnsFromTable
FNDA:10,(anonymous_12)
FNDA:0,(anonymous_13)
FNDA:0,(anonymous_14)
FNDA:0,(anonymous_15)
FNDA:0,(anonymous_16)
FNDA:0,(anonymous_17)
DA:2,1
DA:3,1
DA:4,1
DA:5,1
DA:6,1
DA:8,1
DA:9,1
DA:10,6
DA:16,8
DA:17,0
DA:18,0
DA:19,0
DA:21,0
DA:22,0
DA:23,0
DA:24,0
DA:26,0
DA:28,0
DA:32,1
DA:33,0
DA:34,0
DA:35,0
DA:39,0
DA:40,0
DA:41,0
DA:42,0
DA:44,0
DA:46,0
DA:50,1
DA:55,0
DA:56,0
DA:65,0
DA:70,0
DA:71,0
DA:74,0
DA:77,0
DA:78,0
DA:87,5
DA:92,5
DA:93,5
DA:94,5
DA:99,5
DA:100,5
DA:101,10
DA:108,1
DA:109,0
DA:111,0
DA:113,0
DA:120,1
DA:125,0
DA:126,0
DA:129,0
DA:131,0
DA:133,0
DA:137,0
DA:138,0
DA:139,0
DA:141,0
DA:146,0
DA:147,0
DA:148,0
DA:149,0
DA:150,0
DA:151,0
DA:155,0
DA:157,0
DA:161,0
LF:67
LH:20
BRDA:10,0,0,6
BRDA:10,0,1,12
BRDA:23,1,0,0
BRDA:41,2,0,0
BRDA:55,3,0,0
BRDA:70,4,0,0
BRDA:74,5,0,0
BRDA:80,6,0,0
BRDA:80,6,1,0
BRDA:123,7,0,0
BRDA:125,8,0,0
BRDA:125,9,0,0
BRDA:125,9,1,0
BRDA:141,10,0,0
BRDA:141,10,1,0
BRDA:142,11,0,0
BRDA:142,11,1,0
BRDA:142,11,2,0
BRDA:147,12,0,0
BRDA:147,12,1,0
BRDA:149,13,0,0
BRDA:153,14,0,0
BRDA:153,14,1,0
BRF:23
BRH:2
end_of_record
TN:
SF:scripts/mock-data.ts
FN:14,(anonymous_0)
FN:4,_interop_require_default
FN:6,createRandomProduct
FNF:3
FNH:3
FNDA:10,(anonymous_0)
FNDA:2,_interop_require_default
FNDA:500,createRandomProduct
DA:1,1
DA:2,1
DA:3,1
DA:4,2
DA:7,500
DA:14,7
DA:23,5
DA:24,5
DA:26,5
DA:31,5
DA:33,5
DA:34,5
DA:39,5
DA:40,5
DA:41,500
DA:45,5
DA:51,5
DA:53,5
LF:18
LH:18
BRDA:4,0,0,2
BRDA:4,0,1,4
BRDA:33,1,0,5
BRF:3
BRH:3
end_of_record
TN:
SF:src/client.ts
FN:5,(anonymous_0)
FN:7,(anonymous_2)
FNF:2
FNH:0
FNDA:0,(anonymous_0)
FNDA:0,(anonymous_2)
DA:5,2
DA:6,0
DA:8,0
DA:13,0
DA:14,0
DA:15,0
LF:6
LH:1
BRDA:13,0,0,0
BRF:1
BRH:0
end_of_record
TN:
SF:src/constants.ts
FN:1,_export
FN:1,(anonymous_1)
FN:2,(anonymous_2)
FN:3,(anonymous_3)
FN:4,(anonymous_4)
FN:5,(anonymous_5)
FNF:6
FNH:6
FNDA:1,_export
FNDA:342,(anonymous_1)
FNDA:5,(anonymous_2)
FNDA:2,(anonymous_3)
FNDA:1,(anonymous_4)
FNDA:7,(anonymous_5)
DA:1,349
DA:2,5
DA:3,2
DA:4,1
DA:5,7
LF:5
LH:5
BRF:0
BRH:0
end_of_record
TN:
SF:src/index.ts
FN:25,(anonymous_0)
FN:109,_export_star
FN:91,(anonymous_6)
FN:94,(anonymous_7)
FNF:4
FNH:4
FNDA:12,(anonymous_0)
FNDA:4,_export_star
FNDA:64,(anonymous_6)
FNDA:320,(anonymous_7)
DA:1,1
DA:2,1
DA:3,1
DA:5,1
DA:13,1
DA:15,1
DA:16,1
DA:18,1
DA:19,1
DA:25,8
DA:26,6
DA:28,6
DA:30,6
DA:31,0
DA:32,0
DA:33,0
DA:36,6
DA:37,6
DA:40,6
DA:42,6
DA:44,6
DA:45,0
DA:46,0
DA:49,6
DA:81,6
DA:83,6
DA:93,64
DA:94,320
DA:106,6
DA:109,6
LF:30
LH:25
BRDA:109,0,0,1
BRDA:109,1,0,3
BRDA:109,1,1,5
BRDA:26,2,0,1
BRDA:26,2,1,5
BRDA:30,3,0,0
BRDA:44,4,0,0
BRDA:91,5,0,6
BRDA:91,5,1,1
BRF:9
BRH:7
end_of_record
TN:
SF:src/index.validation.ts
FN:10,_export
FN:10,(anonymous_1)
FN:24,(anonymous_2)
FN:28,(anonymous_3)
FN:37,(anonymous_4)
FN:43,(anonymous_5)
FN:20,(anonymous_6)
FNF:7
FNH:3
FNDA:1,_export
FNDA:0,(anonymous_1)
FNDA:0,(anonymous_2)
FNDA:0,(anonymous_3)
FNDA:0,(anonymous_4)
FNDA:6,(anonymous_5)
FNDA:6,(anonymous_6)
DA:1,1
DA:10,7
DA:21,6
DA:24,1
DA:28,1
DA:37,1
DA:43,6
LF:7
LH:7
BRDA:21,0,0,0
BRDA:21,0,1,6
BRF:2
BRH:1
end_of_record
TN:
SF:src/lib/pagination.ts
FN:8,(anonymous_0)
FN:8,(anonymous_1)
FN:9,(anonymous_2)
FNF:3
FNH:3
FNDA:6,(anonymous_0)
FNDA:6,(anonymous_1)
FNDA:6,(anonymous_2)
DA:8,8
DA:9,6
DA:22,6
DA:23,0
DA:36,6
DA:41,6
LF:6
LH:5
BRDA:12,0,0,6
BRDA:12,0,1,0
BRDA:14,1,0,6
BRDA:14,1,1,0
BRDA:16,2,0,6
BRDA:16,2,1,6
BRDA:16,2,2,6
BRDA:22,3,0,0
BRDA:26,4,0,0
BRDA:26,4,1,0
BRDA:30,5,0,0
BRDA:30,5,1,0
BRDA:37,6,0,6
BRDA:37,6,1,4
BRDA:38,7,0,6
BRDA:38,7,1,6
BRF:16
BRH:9
end_of_record
TN:
SF:src/lib/sort.ts
FN:3,(anonymous_0)
FN:1,_interop_require_default
FN:3,(anonymous_2)
FN:18,(anonymous_3)
FN:30,(anonymous_4)
FNF:5
FNH:5
FNDA:6,(anonymous_0)
FNDA:1,_interop_require_default
FNDA:6,(anonymous_2)
FNDA:3,(anonymous_3)
FNDA:3,(anonymous_4)
DA:1,1
DA:3,8
DA:9,6
DA:11,6
DA:12,6
DA:15,2
DA:19,3
DA:20,3
DA:21,3
DA:22,3
DA:24,3
DA:25,3
DA:26,3
DA:27,3
DA:28,3
DA:30,3
DA:33,2
LF:17
LH:17
BRDA:1,0,0,1
BRDA:1,0,1,2
BRDA:11,1,0,0
BRDA:12,2,0,4
BRDA:20,3,0,0
BRDA:24,4,0,2
BRDA:25,5,0,1
BRDA:26,6,0,0
BRDA:27,7,0,0
BRDA:35,8,0,0
BRDA:35,8,1,2
BRF:11
BRH:6
end_of_record
